2025-06-14 20:00:35 INFO  [main] com.crayon.boot.CrayonAppStarter - Starting CrayonAppStarter using Java 23.0.1 with PID 20684 (D:\Projects\CrayonsApp\build\classes\java\main started by 91805 in D:\Projects\CrayonsApp)
2025-06-14 20:00:35 INFO  [main] com.crayon.boot.CrayonAppStarter - No active profile set, falling back to 1 default profile: "default"
2025-06-14 20:00:37 INFO  [main] o.s.b.w.e.tomcat.TomcatWebServer - Tomcat initialized with port 8080 (http)
2025-06-14 20:00:37 INFO  [main] o.a.coyote.http11.Http11NioProtocol - Initializing ProtocolHandler ["http-nio-8080"]
2025-06-14 20:00:37 INFO  [main] o.a.catalina.core.StandardService - Starting service [Tomcat]
2025-06-14 20:00:37 INFO  [main] o.a.catalina.core.StandardEngine - Starting Servlet engine: [Apache Tomcat/10.1.24]
2025-06-14 20:00:37 INFO  [main] o.a.c.c.C.[Tomcat].[localhost].[/] - Initializing Spring embedded WebApplicationContext
2025-06-14 20:00:37 INFO  [main] o.s.b.w.s.c.ServletWebServerApplicationContext - Root WebApplicationContext: initialization completed in 1325 ms
2025-06-14 20:00:37 INFO  [main] o.a.coyote.http11.Http11NioProtocol - Starting ProtocolHandler ["http-nio-8080"]
2025-06-14 20:00:37 INFO  [main] o.s.b.w.e.tomcat.TomcatWebServer - Tomcat started on port 8080 (http) with context path '/'
2025-06-14 20:00:37 INFO  [main] com.crayon.boot.CrayonAppStarter - Started CrayonAppStarter in 2.826 seconds (process running for 3.287)
2025-06-14 20:02:26 INFO  [http-nio-8080-exec-1] o.a.c.c.C.[Tomcat].[localhost].[/] - Initializing Spring DispatcherServlet 'dispatcherServlet'
2025-06-14 20:02:26 INFO  [http-nio-8080-exec-1] o.s.web.servlet.DispatcherServlet - Initializing Servlet 'dispatcherServlet'
2025-06-14 20:02:26 INFO  [http-nio-8080-exec-1] o.s.web.servlet.DispatcherServlet - Completed initialization in 1 ms
2025-06-14 20:03:12 INFO  [main] com.crayon.boot.CrayonAppStarter - Starting CrayonAppStarter using Java 23.0.1 with PID 16396 (D:\Projects\CrayonsApp\build\classes\java\main started by 91805 in D:\Projects\CrayonsApp)
2025-06-14 20:03:12 INFO  [main] com.crayon.boot.CrayonAppStarter - No active profile set, falling back to 1 default profile: "default"
2025-06-14 20:03:13 INFO  [main] o.s.b.w.e.tomcat.TomcatWebServer - Tomcat initialized with port 8080 (http)
2025-06-14 20:03:13 INFO  [main] o.a.coyote.http11.Http11NioProtocol - Initializing ProtocolHandler ["http-nio-8080"]
2025-06-14 20:03:13 INFO  [main] o.a.catalina.core.StandardService - Starting service [Tomcat]
2025-06-14 20:03:13 INFO  [main] o.a.catalina.core.StandardEngine - Starting Servlet engine: [Apache Tomcat/10.1.24]
2025-06-14 20:03:13 INFO  [main] o.a.c.c.C.[Tomcat].[localhost].[/] - Initializing Spring embedded WebApplicationContext
2025-06-14 20:03:13 INFO  [main] o.s.b.w.s.c.ServletWebServerApplicationContext - Root WebApplicationContext: initialization completed in 1281 ms
2025-06-14 20:03:14 INFO  [main] o.a.coyote.http11.Http11NioProtocol - Starting ProtocolHandler ["http-nio-8080"]
2025-06-14 20:03:14 INFO  [main] o.s.b.w.e.tomcat.TomcatWebServer - Tomcat started on port 8080 (http) with context path '/'
2025-06-14 20:03:14 INFO  [main] com.crayon.boot.CrayonAppStarter - Started CrayonAppStarter in 2.447 seconds (process running for 2.872)
2025-06-14 20:03:24 INFO  [http-nio-8080-exec-2] o.a.c.c.C.[Tomcat].[localhost].[/] - Initializing Spring DispatcherServlet 'dispatcherServlet'
2025-06-14 20:03:24 INFO  [http-nio-8080-exec-2] o.s.web.servlet.DispatcherServlet - Initializing Servlet 'dispatcherServlet'
2025-06-14 20:03:24 INFO  [http-nio-8080-exec-2] o.s.web.servlet.DispatcherServlet - Completed initialization in 0 ms
2025-06-14 20:04:01 ERROR [http-nio-8080-exec-2] o.a.c.c.C.[.[.[.[dispatcherServlet] - Servlet.service() for servlet [dispatcherServlet] in context with path [] threw exception [Request processing failed: org.apache.logging.log4j.util.InternalException: Something went wrong while creating the tenant Cannot invoke "com.crayon.service.TokenService.getAccessToken()" because "this.tokenService" is null] with root cause
org.apache.logging.log4j.util.InternalException: Something went wrong while creating the tenant Cannot invoke "com.crayon.service.TokenService.getAccessToken()" because "this.tokenService" is null
	at com.crayon.service.CrayonService.createTenant(CrayonService.java:39)
	at com.crayon.controller.CrayonController.createCustomer(CrayonController.java:48)
	at java.base/jdk.internal.reflect.DirectMethodHandleAccessor.invoke(DirectMethodHandleAccessor.java:103)
	at java.base/java.lang.reflect.Method.invoke(Method.java:580)
	at org.springframework.web.method.support.InvocableHandlerMethod.doInvoke(InvocableHandlerMethod.java:255)
	at org.springframework.web.method.support.InvocableHandlerMethod.invokeForRequest(InvocableHandlerMethod.java:188)
	at org.springframework.web.servlet.mvc.method.annotation.ServletInvocableHandlerMethod.invokeAndHandle(ServletInvocableHandlerMethod.java:118)
	at org.springframework.web.servlet.mvc.method.annotation.RequestMappingHandlerAdapter.invokeHandlerMethod(RequestMappingHandlerAdapter.java:926)
	at org.springframework.web.servlet.mvc.method.annotation.RequestMappingHandlerAdapter.handleInternal(RequestMappingHandlerAdapter.java:831)
	at org.springframework.web.servlet.mvc.method.AbstractHandlerMethodAdapter.handle(AbstractHandlerMethodAdapter.java:87)
	at org.springframework.web.servlet.DispatcherServlet.doDispatch(DispatcherServlet.java:1089)
	at org.springframework.web.servlet.DispatcherServlet.doService(DispatcherServlet.java:979)
	at org.springframework.web.servlet.FrameworkServlet.processRequest(FrameworkServlet.java:1014)
	at org.springframework.web.servlet.FrameworkServlet.doPost(FrameworkServlet.java:914)
	at jakarta.servlet.http.HttpServlet.service(HttpServlet.java:590)
	at org.springframework.web.servlet.FrameworkServlet.service(FrameworkServlet.java:885)
	at jakarta.servlet.http.HttpServlet.service(HttpServlet.java:658)
	at org.apache.catalina.core.ApplicationFilterChain.internalDoFilter(ApplicationFilterChain.java:195)
	at org.apache.catalina.core.ApplicationFilterChain.doFilter(ApplicationFilterChain.java:140)
	at org.apache.tomcat.websocket.server.WsFilter.doFilter(WsFilter.java:51)
	at org.apache.catalina.core.ApplicationFilterChain.internalDoFilter(ApplicationFilterChain.java:164)
	at org.apache.catalina.core.ApplicationFilterChain.doFilter(ApplicationFilterChain.java:140)
	at org.springframework.web.filter.RequestContextFilter.doFilterInternal(RequestContextFilter.java:100)
	at org.springframework.web.filter.OncePerRequestFilter.doFilter(OncePerRequestFilter.java:116)
	at org.apache.catalina.core.ApplicationFilterChain.internalDoFilter(ApplicationFilterChain.java:164)
	at org.apache.catalina.core.ApplicationFilterChain.doFilter(ApplicationFilterChain.java:140)
	at org.springframework.web.filter.FormContentFilter.doFilterInternal(FormContentFilter.java:93)
	at org.springframework.web.filter.OncePerRequestFilter.doFilter(OncePerRequestFilter.java:116)
	at org.apache.catalina.core.ApplicationFilterChain.internalDoFilter(ApplicationFilterChain.java:164)
	at org.apache.catalina.core.ApplicationFilterChain.doFilter(ApplicationFilterChain.java:140)
	at org.springframework.web.filter.CharacterEncodingFilter.doFilterInternal(CharacterEncodingFilter.java:201)
	at org.springframework.web.filter.OncePerRequestFilter.doFilter(OncePerRequestFilter.java:116)
	at org.apache.catalina.core.ApplicationFilterChain.internalDoFilter(ApplicationFilterChain.java:164)
	at org.apache.catalina.core.ApplicationFilterChain.doFilter(ApplicationFilterChain.java:140)
	at org.apache.catalina.core.StandardWrapperValve.invoke(StandardWrapperValve.java:167)
	at org.apache.catalina.core.StandardContextValve.invoke(StandardContextValve.java:90)
	at org.apache.catalina.authenticator.AuthenticatorBase.invoke(AuthenticatorBase.java:482)
	at org.apache.catalina.core.StandardHostValve.invoke(StandardHostValve.java:115)
	at org.apache.catalina.valves.ErrorReportValve.invoke(ErrorReportValve.java:93)
	at org.apache.catalina.core.StandardEngineValve.invoke(StandardEngineValve.java:74)
	at org.apache.catalina.connector.CoyoteAdapter.service(CoyoteAdapter.java:344)
	at org.apache.coyote.http11.Http11Processor.service(Http11Processor.java:389)
	at org.apache.coyote.AbstractProcessorLight.process(AbstractProcessorLight.java:63)
	at org.apache.coyote.AbstractProtocol$ConnectionHandler.process(AbstractProtocol.java:896)
	at org.apache.tomcat.util.net.NioEndpoint$SocketProcessor.doRun(NioEndpoint.java:1741)
	at org.apache.tomcat.util.net.SocketProcessorBase.run(SocketProcessorBase.java:52)
	at org.apache.tomcat.util.threads.ThreadPoolExecutor.runWorker(ThreadPoolExecutor.java:1190)
	at org.apache.tomcat.util.threads.ThreadPoolExecutor$Worker.run(ThreadPoolExecutor.java:659)
	at org.apache.tomcat.util.threads.TaskThread$WrappingRunnable.run(TaskThread.java:63)
	at java.base/java.lang.Thread.run(Thread.java:1575)
2025-06-14 20:08:21 INFO  [main] com.crayon.boot.CrayonAppStarter - Starting CrayonAppStarter using Java 23.0.1 with PID 24864 (D:\Projects\CrayonsApp\build\classes\java\main started by 91805 in D:\Projects\CrayonsApp)
2025-06-14 20:08:21 INFO  [main] com.crayon.boot.CrayonAppStarter - No active profile set, falling back to 1 default profile: "default"
2025-06-14 20:08:23 INFO  [main] o.s.b.w.e.tomcat.TomcatWebServer - Tomcat initialized with port 8080 (http)
2025-06-14 20:08:23 INFO  [main] o.a.coyote.http11.Http11NioProtocol - Initializing ProtocolHandler ["http-nio-8080"]
2025-06-14 20:08:23 INFO  [main] o.a.catalina.core.StandardService - Starting service [Tomcat]
2025-06-14 20:08:23 INFO  [main] o.a.catalina.core.StandardEngine - Starting Servlet engine: [Apache Tomcat/10.1.24]
2025-06-14 20:08:23 INFO  [main] o.a.c.c.C.[Tomcat].[localhost].[/] - Initializing Spring embedded WebApplicationContext
2025-06-14 20:08:23 INFO  [main] o.s.b.w.s.c.ServletWebServerApplicationContext - Root WebApplicationContext: initialization completed in 1235 ms
2025-06-14 20:08:23 INFO  [main] o.a.coyote.http11.Http11NioProtocol - Starting ProtocolHandler ["http-nio-8080"]
2025-06-14 20:08:23 INFO  [main] o.s.b.w.e.tomcat.TomcatWebServer - Tomcat started on port 8080 (http) with context path '/'
2025-06-14 20:08:23 INFO  [main] com.crayon.boot.CrayonAppStarter - Started CrayonAppStarter in 2.406 seconds (process running for 2.835)
2025-06-14 20:08:29 INFO  [http-nio-8080-exec-2] o.a.c.c.C.[Tomcat].[localhost].[/] - Initializing Spring DispatcherServlet 'dispatcherServlet'
2025-06-14 20:08:29 INFO  [http-nio-8080-exec-2] o.s.web.servlet.DispatcherServlet - Initializing Servlet 'dispatcherServlet'
2025-06-14 20:08:29 INFO  [http-nio-8080-exec-2] o.s.web.servlet.DispatcherServlet - Completed initialization in 0 ms
2025-06-14 20:09:16 INFO  [main] com.crayon.boot.CrayonAppStarter - Starting CrayonAppStarter using Java 23.0.1 with PID 11988 (D:\Projects\CrayonsApp\build\classes\java\main started by 91805 in D:\Projects\CrayonsApp)
2025-06-14 20:09:16 INFO  [main] com.crayon.boot.CrayonAppStarter - No active profile set, falling back to 1 default profile: "default"
2025-06-14 20:09:17 INFO  [main] o.s.b.w.e.tomcat.TomcatWebServer - Tomcat initialized with port 8080 (http)
2025-06-14 20:09:17 INFO  [main] o.a.coyote.http11.Http11NioProtocol - Initializing ProtocolHandler ["http-nio-8080"]
2025-06-14 20:09:17 INFO  [main] o.a.catalina.core.StandardService - Starting service [Tomcat]
2025-06-14 20:09:17 INFO  [main] o.a.catalina.core.StandardEngine - Starting Servlet engine: [Apache Tomcat/10.1.24]
2025-06-14 20:09:17 INFO  [main] o.a.c.c.C.[Tomcat].[localhost].[/] - Initializing Spring embedded WebApplicationContext
2025-06-14 20:09:17 INFO  [main] o.s.b.w.s.c.ServletWebServerApplicationContext - Root WebApplicationContext: initialization completed in 1321 ms
2025-06-14 20:09:18 INFO  [main] o.a.coyote.http11.Http11NioProtocol - Starting ProtocolHandler ["http-nio-8080"]
2025-06-14 20:09:18 INFO  [main] o.s.b.w.e.tomcat.TomcatWebServer - Tomcat started on port 8080 (http) with context path '/'
2025-06-14 20:09:18 INFO  [main] com.crayon.boot.CrayonAppStarter - Started CrayonAppStarter in 2.466 seconds (process running for 2.912)
2025-06-14 20:10:25 INFO  [http-nio-8080-exec-1] o.a.c.c.C.[Tomcat].[localhost].[/] - Initializing Spring DispatcherServlet 'dispatcherServlet'
2025-06-14 20:10:25 INFO  [http-nio-8080-exec-1] o.s.web.servlet.DispatcherServlet - Initializing Servlet 'dispatcherServlet'
2025-06-14 20:10:25 INFO  [http-nio-8080-exec-1] o.s.web.servlet.DispatcherServlet - Completed initialization in 1 ms
2025-06-14 20:11:06 ERROR [http-nio-8080-exec-1] o.a.c.c.C.[.[.[.[dispatcherServlet] - Servlet.service() for servlet [dispatcherServlet] in context with path [] threw exception [Request processing failed: org.apache.logging.log4j.util.InternalException: Something went wrong while creating the tenant Cannot invoke "com.crayon.service.TokenService.getAccessToken()" because "this.tokenService" is null] with root cause
org.apache.logging.log4j.util.InternalException: Something went wrong while creating the tenant Cannot invoke "com.crayon.service.TokenService.getAccessToken()" because "this.tokenService" is null
	at com.crayon.service.CrayonService.createTenant(CrayonService.java:39)
	at com.crayon.controller.CrayonController.createCustomer(CrayonController.java:48)
	at java.base/jdk.internal.reflect.DirectMethodHandleAccessor.invoke(DirectMethodHandleAccessor.java:103)
	at java.base/java.lang.reflect.Method.invoke(Method.java:580)
	at org.springframework.web.method.support.InvocableHandlerMethod.doInvoke(InvocableHandlerMethod.java:255)
	at org.springframework.web.method.support.InvocableHandlerMethod.invokeForRequest(InvocableHandlerMethod.java:188)
	at org.springframework.web.servlet.mvc.method.annotation.ServletInvocableHandlerMethod.invokeAndHandle(ServletInvocableHandlerMethod.java:118)
	at org.springframework.web.servlet.mvc.method.annotation.RequestMappingHandlerAdapter.invokeHandlerMethod(RequestMappingHandlerAdapter.java:926)
	at org.springframework.web.servlet.mvc.method.annotation.RequestMappingHandlerAdapter.handleInternal(RequestMappingHandlerAdapter.java:831)
	at org.springframework.web.servlet.mvc.method.AbstractHandlerMethodAdapter.handle(AbstractHandlerMethodAdapter.java:87)
	at org.springframework.web.servlet.DispatcherServlet.doDispatch(DispatcherServlet.java:1089)
	at org.springframework.web.servlet.DispatcherServlet.doService(DispatcherServlet.java:979)
	at org.springframework.web.servlet.FrameworkServlet.processRequest(FrameworkServlet.java:1014)
	at org.springframework.web.servlet.FrameworkServlet.doPost(FrameworkServlet.java:914)
	at jakarta.servlet.http.HttpServlet.service(HttpServlet.java:590)
	at org.springframework.web.servlet.FrameworkServlet.service(FrameworkServlet.java:885)
	at jakarta.servlet.http.HttpServlet.service(HttpServlet.java:658)
	at org.apache.catalina.core.ApplicationFilterChain.internalDoFilter(ApplicationFilterChain.java:195)
	at org.apache.catalina.core.ApplicationFilterChain.doFilter(ApplicationFilterChain.java:140)
	at org.apache.tomcat.websocket.server.WsFilter.doFilter(WsFilter.java:51)
	at org.apache.catalina.core.ApplicationFilterChain.internalDoFilter(ApplicationFilterChain.java:164)
	at org.apache.catalina.core.ApplicationFilterChain.doFilter(ApplicationFilterChain.java:140)
	at org.springframework.web.filter.RequestContextFilter.doFilterInternal(RequestContextFilter.java:100)
	at org.springframework.web.filter.OncePerRequestFilter.doFilter(OncePerRequestFilter.java:116)
	at org.apache.catalina.core.ApplicationFilterChain.internalDoFilter(ApplicationFilterChain.java:164)
	at org.apache.catalina.core.ApplicationFilterChain.doFilter(ApplicationFilterChain.java:140)
	at org.springframework.web.filter.FormContentFilter.doFilterInternal(FormContentFilter.java:93)
	at org.springframework.web.filter.OncePerRequestFilter.doFilter(OncePerRequestFilter.java:116)
	at org.apache.catalina.core.ApplicationFilterChain.internalDoFilter(ApplicationFilterChain.java:164)
	at org.apache.catalina.core.ApplicationFilterChain.doFilter(ApplicationFilterChain.java:140)
	at org.springframework.web.filter.CharacterEncodingFilter.doFilterInternal(CharacterEncodingFilter.java:201)
	at org.springframework.web.filter.OncePerRequestFilter.doFilter(OncePerRequestFilter.java:116)
	at org.apache.catalina.core.ApplicationFilterChain.internalDoFilter(ApplicationFilterChain.java:164)
	at org.apache.catalina.core.ApplicationFilterChain.doFilter(ApplicationFilterChain.java:140)
	at org.apache.catalina.core.StandardWrapperValve.invoke(StandardWrapperValve.java:167)
	at org.apache.catalina.core.StandardContextValve.invoke(StandardContextValve.java:90)
	at org.apache.catalina.authenticator.AuthenticatorBase.invoke(AuthenticatorBase.java:482)
	at org.apache.catalina.core.StandardHostValve.invoke(StandardHostValve.java:115)
	at org.apache.catalina.valves.ErrorReportValve.invoke(ErrorReportValve.java:93)
	at org.apache.catalina.core.StandardEngineValve.invoke(StandardEngineValve.java:74)
	at org.apache.catalina.connector.CoyoteAdapter.service(CoyoteAdapter.java:344)
	at org.apache.coyote.http11.Http11Processor.service(Http11Processor.java:389)
	at org.apache.coyote.AbstractProcessorLight.process(AbstractProcessorLight.java:63)
	at org.apache.coyote.AbstractProtocol$ConnectionHandler.process(AbstractProtocol.java:896)
	at org.apache.tomcat.util.net.NioEndpoint$SocketProcessor.doRun(NioEndpoint.java:1741)
	at org.apache.tomcat.util.net.SocketProcessorBase.run(SocketProcessorBase.java:52)
	at org.apache.tomcat.util.threads.ThreadPoolExecutor.runWorker(ThreadPoolExecutor.java:1190)
	at org.apache.tomcat.util.threads.ThreadPoolExecutor$Worker.run(ThreadPoolExecutor.java:659)
	at org.apache.tomcat.util.threads.TaskThread$WrappingRunnable.run(TaskThread.java:63)
	at java.base/java.lang.Thread.run(Thread.java:1575)
2025-06-14 20:13:49 INFO  [main] com.crayon.boot.CrayonAppStarter - Starting CrayonAppStarter using Java 23.0.1 with PID 10924 (D:\Projects\CrayonsApp\build\classes\java\main started by 91805 in D:\Projects\CrayonsApp)
2025-06-14 20:13:49 INFO  [main] com.crayon.boot.CrayonAppStarter - No active profile set, falling back to 1 default profile: "default"
2025-06-14 20:13:50 INFO  [main] o.s.b.w.e.tomcat.TomcatWebServer - Tomcat initialized with port 8080 (http)
2025-06-14 20:13:50 INFO  [main] o.a.coyote.http11.Http11NioProtocol - Initializing ProtocolHandler ["http-nio-8080"]
2025-06-14 20:13:50 INFO  [main] o.a.catalina.core.StandardService - Starting service [Tomcat]
2025-06-14 20:13:50 INFO  [main] o.a.catalina.core.StandardEngine - Starting Servlet engine: [Apache Tomcat/10.1.24]
2025-06-14 20:13:50 INFO  [main] o.a.c.c.C.[Tomcat].[localhost].[/] - Initializing Spring embedded WebApplicationContext
2025-06-14 20:13:50 INFO  [main] o.s.b.w.s.c.ServletWebServerApplicationContext - Root WebApplicationContext: initialization completed in 1271 ms
2025-06-14 20:13:51 INFO  [main] o.a.coyote.http11.Http11NioProtocol - Starting ProtocolHandler ["http-nio-8080"]
2025-06-14 20:13:51 INFO  [main] o.s.b.w.e.tomcat.TomcatWebServer - Tomcat started on port 8080 (http) with context path '/'
2025-06-14 20:13:51 INFO  [main] com.crayon.boot.CrayonAppStarter - Started CrayonAppStarter in 2.412 seconds (process running for 2.83)
2025-06-14 20:14:04 INFO  [http-nio-8080-exec-2] o.a.c.c.C.[Tomcat].[localhost].[/] - Initializing Spring DispatcherServlet 'dispatcherServlet'
2025-06-14 20:14:04 INFO  [http-nio-8080-exec-2] o.s.web.servlet.DispatcherServlet - Initializing Servlet 'dispatcherServlet'
2025-06-14 20:14:04 INFO  [http-nio-8080-exec-2] o.s.web.servlet.DispatcherServlet - Completed initialization in 0 ms
2025-06-14 20:17:13 INFO  [main] com.crayon.boot.CrayonAppStarter - Starting CrayonAppStarter using Java 23.0.1 with PID 4576 (D:\Projects\CrayonsApp\build\classes\java\main started by 91805 in D:\Projects\CrayonsApp)
2025-06-14 20:17:13 INFO  [main] com.crayon.boot.CrayonAppStarter - No active profile set, falling back to 1 default profile: "default"
2025-06-14 20:17:14 INFO  [main] o.s.b.w.e.tomcat.TomcatWebServer - Tomcat initialized with port 8080 (http)
2025-06-14 20:17:14 INFO  [main] o.a.coyote.http11.Http11NioProtocol - Initializing ProtocolHandler ["http-nio-8080"]
2025-06-14 20:17:14 INFO  [main] o.a.catalina.core.StandardService - Starting service [Tomcat]
2025-06-14 20:17:14 INFO  [main] o.a.catalina.core.StandardEngine - Starting Servlet engine: [Apache Tomcat/10.1.24]
2025-06-14 20:17:14 INFO  [main] o.a.c.c.C.[Tomcat].[localhost].[/] - Initializing Spring embedded WebApplicationContext
2025-06-14 20:17:14 INFO  [main] o.s.b.w.s.c.ServletWebServerApplicationContext - Root WebApplicationContext: initialization completed in 1282 ms
2025-06-14 20:17:15 INFO  [main] o.a.coyote.http11.Http11NioProtocol - Starting ProtocolHandler ["http-nio-8080"]
2025-06-14 20:17:15 INFO  [main] o.s.b.w.e.tomcat.TomcatWebServer - Tomcat started on port 8080 (http) with context path '/'
2025-06-14 20:17:15 INFO  [main] com.crayon.boot.CrayonAppStarter - Started CrayonAppStarter in 2.429 seconds (process running for 2.874)
2025-06-14 20:17:31 INFO  [http-nio-8080-exec-2] o.a.c.c.C.[Tomcat].[localhost].[/] - Initializing Spring DispatcherServlet 'dispatcherServlet'
2025-06-14 20:17:31 INFO  [http-nio-8080-exec-2] o.s.web.servlet.DispatcherServlet - Initializing Servlet 'dispatcherServlet'
2025-06-14 20:17:31 INFO  [http-nio-8080-exec-2] o.s.web.servlet.DispatcherServlet - Completed initialization in 1 ms
2025-06-14 20:17:31 WARN  [http-nio-8080-exec-2] o.s.h.c.j.MappingJackson2HttpMessageConverter - Failed to evaluate Jackson deserialization for type [[simple type, class com.crayon.model.CreateCustomerTenantRequest]]: com.fasterxml.jackson.databind.exc.InvalidDefinitionException: Conflicting getter definitions for property "LastName": com.crayon.model.Address#getLastName() vs com.crayon.model.Address#getMiddlename()
2025-06-14 20:17:31 WARN  [http-nio-8080-exec-2] o.s.h.c.j.MappingJackson2HttpMessageConverter - Failed to evaluate Jackson deserialization for type [[simple type, class com.crayon.model.CreateCustomerTenantRequest]]: com.fasterxml.jackson.databind.exc.InvalidDefinitionException: Conflicting getter definitions for property "LastName": com.crayon.model.Address#getLastName() vs com.crayon.model.Address#getMiddlename()
2025-06-14 20:17:31 WARN  [http-nio-8080-exec-2] o.s.w.s.m.s.DefaultHandlerExceptionResolver - Resolved [org.springframework.web.HttpMediaTypeNotSupportedException: Content-Type 'application/json;charset=UTF-8' is not supported]
2025-06-14 20:23:20 INFO  [main] com.crayon.boot.CrayonAppStarter - Starting CrayonAppStarter using Java 23.0.1 with PID 4544 (D:\Projects\CrayonsApp\build\classes\java\main started by 91805 in D:\Projects\CrayonsApp)
2025-06-14 20:23:20 INFO  [main] com.crayon.boot.CrayonAppStarter - No active profile set, falling back to 1 default profile: "default"
2025-06-14 20:23:21 INFO  [main] o.s.b.w.e.tomcat.TomcatWebServer - Tomcat initialized with port 8080 (http)
2025-06-14 20:23:21 INFO  [main] o.a.coyote.http11.Http11NioProtocol - Initializing ProtocolHandler ["http-nio-8080"]
2025-06-14 20:23:21 INFO  [main] o.a.catalina.core.StandardService - Starting service [Tomcat]
2025-06-14 20:23:21 INFO  [main] o.a.catalina.core.StandardEngine - Starting Servlet engine: [Apache Tomcat/10.1.24]
2025-06-14 20:23:21 INFO  [main] o.a.c.c.C.[Tomcat].[localhost].[/] - Initializing Spring embedded WebApplicationContext
2025-06-14 20:23:21 INFO  [main] o.s.b.w.s.c.ServletWebServerApplicationContext - Root WebApplicationContext: initialization completed in 1303 ms
2025-06-14 20:23:22 INFO  [main] o.a.coyote.http11.Http11NioProtocol - Starting ProtocolHandler ["http-nio-8080"]
2025-06-14 20:23:22 INFO  [main] o.s.b.w.e.tomcat.TomcatWebServer - Tomcat started on port 8080 (http) with context path '/'
2025-06-14 20:23:22 INFO  [main] com.crayon.boot.CrayonAppStarter - Started CrayonAppStarter in 2.736 seconds (process running for 3.185)
2025-06-14 20:25:12 INFO  [http-nio-8080-exec-1] o.a.c.c.C.[Tomcat].[localhost].[/] - Initializing Spring DispatcherServlet 'dispatcherServlet'
2025-06-14 20:25:12 INFO  [http-nio-8080-exec-1] o.s.web.servlet.DispatcherServlet - Initializing Servlet 'dispatcherServlet'
2025-06-14 20:25:12 INFO  [http-nio-8080-exec-1] o.s.web.servlet.DispatcherServlet - Completed initialization in 0 ms
2025-06-14 20:25:12 WARN  [http-nio-8080-exec-1] o.s.h.c.j.MappingJackson2HttpMessageConverter - Failed to evaluate Jackson deserialization for type [[simple type, class com.crayon.model.CreateCustomerTenantRequest]]: com.fasterxml.jackson.databind.exc.InvalidDefinitionException: Conflicting getter definitions for property "LastName": com.crayon.model.Address#getLastName() vs com.crayon.model.Address#getMiddlename()
2025-06-14 20:25:12 WARN  [http-nio-8080-exec-1] o.s.h.c.j.MappingJackson2HttpMessageConverter - Failed to evaluate Jackson deserialization for type [[simple type, class com.crayon.model.CreateCustomerTenantRequest]]: com.fasterxml.jackson.databind.exc.InvalidDefinitionException: Conflicting getter definitions for property "LastName": com.crayon.model.Address#getLastName() vs com.crayon.model.Address#getMiddlename()
2025-06-14 20:25:12 WARN  [http-nio-8080-exec-1] o.s.w.s.m.s.DefaultHandlerExceptionResolver - Resolved [org.springframework.web.HttpMediaTypeNotSupportedException: Content-Type 'application/json;charset=UTF-8' is not supported]
2025-06-14 20:27:04 INFO  [main] com.crayon.boot.CrayonAppStarter - Starting CrayonAppStarter using Java 23.0.1 with PID 1248 (D:\Projects\CrayonsApp\build\classes\java\main started by 91805 in D:\Projects\CrayonsApp)
2025-06-14 20:27:04 INFO  [main] com.crayon.boot.CrayonAppStarter - No active profile set, falling back to 1 default profile: "default"
2025-06-14 20:27:05 INFO  [main] o.s.b.w.e.tomcat.TomcatWebServer - Tomcat initialized with port 8080 (http)
2025-06-14 20:27:05 INFO  [main] o.a.coyote.http11.Http11NioProtocol - Initializing ProtocolHandler ["http-nio-8080"]
2025-06-14 20:27:05 INFO  [main] o.a.catalina.core.StandardService - Starting service [Tomcat]
2025-06-14 20:27:05 INFO  [main] o.a.catalina.core.StandardEngine - Starting Servlet engine: [Apache Tomcat/10.1.24]
2025-06-14 20:27:05 INFO  [main] o.a.c.c.C.[Tomcat].[localhost].[/] - Initializing Spring embedded WebApplicationContext
2025-06-14 20:27:05 INFO  [main] o.s.b.w.s.c.ServletWebServerApplicationContext - Root WebApplicationContext: initialization completed in 1089 ms
2025-06-14 20:27:05 INFO  [main] o.a.coyote.http11.Http11NioProtocol - Starting ProtocolHandler ["http-nio-8080"]
2025-06-14 20:27:05 INFO  [main] o.s.b.w.e.tomcat.TomcatWebServer - Tomcat started on port 8080 (http) with context path '/'
2025-06-14 20:27:05 INFO  [main] com.crayon.boot.CrayonAppStarter - Started CrayonAppStarter in 2.103 seconds (process running for 2.469)
2025-06-14 20:27:56 INFO  [http-nio-8080-exec-3] o.a.c.c.C.[Tomcat].[localhost].[/] - Initializing Spring DispatcherServlet 'dispatcherServlet'
2025-06-14 20:27:56 INFO  [http-nio-8080-exec-3] o.s.web.servlet.DispatcherServlet - Initializing Servlet 'dispatcherServlet'
2025-06-14 20:27:56 INFO  [http-nio-8080-exec-3] o.s.web.servlet.DispatcherServlet - Completed initialization in 0 ms
2025-06-14 20:27:56 WARN  [http-nio-8080-exec-3] o.s.h.c.j.MappingJackson2HttpMessageConverter - Failed to evaluate Jackson deserialization for type [[simple type, class com.crayon.model.CreateCustomerTenantRequest]]: com.fasterxml.jackson.databind.exc.InvalidDefinitionException: Conflicting getter definitions for property "LastName": com.crayon.model.Address#getLastName() vs com.crayon.model.Address#getMiddlename()
2025-06-14 20:27:56 WARN  [http-nio-8080-exec-3] o.s.h.c.j.MappingJackson2HttpMessageConverter - Failed to evaluate Jackson deserialization for type [[simple type, class com.crayon.model.CreateCustomerTenantRequest]]: com.fasterxml.jackson.databind.exc.InvalidDefinitionException: Conflicting getter definitions for property "LastName": com.crayon.model.Address#getLastName() vs com.crayon.model.Address#getMiddlename()
2025-06-14 20:27:56 WARN  [http-nio-8080-exec-3] o.s.w.s.m.s.DefaultHandlerExceptionResolver - Resolved [org.springframework.web.HttpMediaTypeNotSupportedException: Content-Type 'application/json;charset=UTF-8' is not supported]
2025-06-14 20:29:55 INFO  [main] com.crayon.boot.CrayonAppStarter - Starting CrayonAppStarter using Java 23.0.1 with PID 17172 (D:\Projects\CrayonsApp\build\classes\java\main started by 91805 in D:\Projects\CrayonsApp)
2025-06-14 20:29:55 INFO  [main] com.crayon.boot.CrayonAppStarter - No active profile set, falling back to 1 default profile: "default"
2025-06-14 20:29:56 INFO  [main] o.s.b.w.e.tomcat.TomcatWebServer - Tomcat initialized with port 8080 (http)
2025-06-14 20:29:56 INFO  [main] o.a.coyote.http11.Http11NioProtocol - Initializing ProtocolHandler ["http-nio-8080"]
2025-06-14 20:29:56 INFO  [main] o.a.catalina.core.StandardService - Starting service [Tomcat]
2025-06-14 20:29:56 INFO  [main] o.a.catalina.core.StandardEngine - Starting Servlet engine: [Apache Tomcat/10.1.24]
2025-06-14 20:29:56 INFO  [main] o.a.c.c.C.[Tomcat].[localhost].[/] - Initializing Spring embedded WebApplicationContext
2025-06-14 20:29:56 INFO  [main] o.s.b.w.s.c.ServletWebServerApplicationContext - Root WebApplicationContext: initialization completed in 1078 ms
2025-06-14 20:29:57 INFO  [main] o.a.coyote.http11.Http11NioProtocol - Starting ProtocolHandler ["http-nio-8080"]
2025-06-14 20:29:57 INFO  [main] o.s.b.w.e.tomcat.TomcatWebServer - Tomcat started on port 8080 (http) with context path '/'
2025-06-14 20:29:57 INFO  [main] com.crayon.boot.CrayonAppStarter - Started CrayonAppStarter in 2.012 seconds (process running for 2.402)
2025-06-14 20:30:11 INFO  [http-nio-8080-exec-2] o.a.c.c.C.[Tomcat].[localhost].[/] - Initializing Spring DispatcherServlet 'dispatcherServlet'
2025-06-14 20:30:11 INFO  [http-nio-8080-exec-2] o.s.web.servlet.DispatcherServlet - Initializing Servlet 'dispatcherServlet'
2025-06-14 20:30:11 INFO  [http-nio-8080-exec-2] o.s.web.servlet.DispatcherServlet - Completed initialization in 0 ms
2025-06-14 20:30:11 WARN  [http-nio-8080-exec-2] o.s.h.c.j.MappingJackson2HttpMessageConverter - Failed to evaluate Jackson deserialization for type [[simple type, class com.crayon.model.CreateCustomerTenantRequest]]: com.fasterxml.jackson.databind.exc.InvalidDefinitionException: Conflicting getter definitions for property "LastName": com.crayon.model.Address#getLastName() vs com.crayon.model.Address#getMiddlename()
2025-06-14 20:30:11 WARN  [http-nio-8080-exec-2] o.s.h.c.j.MappingJackson2HttpMessageConverter - Failed to evaluate Jackson deserialization for type [[simple type, class com.crayon.model.CreateCustomerTenantRequest]]: com.fasterxml.jackson.databind.exc.InvalidDefinitionException: Conflicting getter definitions for property "LastName": com.crayon.model.Address#getLastName() vs com.crayon.model.Address#getMiddlename()
2025-06-14 20:30:11 WARN  [http-nio-8080-exec-2] o.s.w.s.m.s.DefaultHandlerExceptionResolver - Resolved [org.springframework.web.HttpMediaTypeNotSupportedException: Content-Type 'application/json;charset=UTF-8' is not supported]
2025-06-14 20:30:38 WARN  [http-nio-8080-exec-3] o.s.h.c.j.MappingJackson2HttpMessageConverter - Failed to evaluate Jackson deserialization for type [[simple type, class com.crayon.model.CreateCustomerTenantRequest]]: com.fasterxml.jackson.databind.exc.InvalidDefinitionException: Conflicting getter definitions for property "LastName": com.crayon.model.Address#getLastName() vs com.crayon.model.Address#getMiddlename()
2025-06-14 20:30:38 WARN  [http-nio-8080-exec-3] o.s.h.c.j.MappingJackson2HttpMessageConverter - Failed to evaluate Jackson deserialization for type [[simple type, class com.crayon.model.CreateCustomerTenantRequest]]: com.fasterxml.jackson.databind.exc.InvalidDefinitionException: Conflicting getter definitions for property "LastName": com.crayon.model.Address#getLastName() vs com.crayon.model.Address#getMiddlename()
2025-06-14 20:30:38 WARN  [http-nio-8080-exec-3] o.s.w.s.m.s.DefaultHandlerExceptionResolver - Resolved [org.springframework.web.HttpMediaTypeNotSupportedException: Content-Type 'application/json;charset=UTF-8' is not supported]
2025-06-14 20:30:55 INFO  [main] com.crayon.boot.CrayonAppStarter - Starting CrayonAppStarter using Java 23.0.1 with PID 17892 (D:\Projects\CrayonsApp\build\classes\java\main started by 91805 in D:\Projects\CrayonsApp)
2025-06-14 20:30:55 INFO  [main] com.crayon.boot.CrayonAppStarter - No active profile set, falling back to 1 default profile: "default"
2025-06-14 20:30:56 INFO  [main] o.s.b.w.e.tomcat.TomcatWebServer - Tomcat initialized with port 8080 (http)
2025-06-14 20:30:56 INFO  [main] o.a.coyote.http11.Http11NioProtocol - Initializing ProtocolHandler ["http-nio-8080"]
2025-06-14 20:30:56 INFO  [main] o.a.catalina.core.StandardService - Starting service [Tomcat]
2025-06-14 20:30:56 INFO  [main] o.a.catalina.core.StandardEngine - Starting Servlet engine: [Apache Tomcat/10.1.24]
2025-06-14 20:30:56 INFO  [main] o.a.c.c.C.[Tomcat].[localhost].[/] - Initializing Spring embedded WebApplicationContext
2025-06-14 20:30:56 INFO  [main] o.s.b.w.s.c.ServletWebServerApplicationContext - Root WebApplicationContext: initialization completed in 1256 ms
2025-06-14 20:30:57 INFO  [main] o.a.coyote.http11.Http11NioProtocol - Starting ProtocolHandler ["http-nio-8080"]
2025-06-14 20:30:57 INFO  [main] o.s.b.w.e.tomcat.TomcatWebServer - Tomcat started on port 8080 (http) with context path '/'
2025-06-14 20:30:57 INFO  [main] com.crayon.boot.CrayonAppStarter - Started CrayonAppStarter in 2.397 seconds (process running for 2.827)
2025-06-14 20:31:02 INFO  [http-nio-8080-exec-2] o.a.c.c.C.[Tomcat].[localhost].[/] - Initializing Spring DispatcherServlet 'dispatcherServlet'
2025-06-14 20:31:02 INFO  [http-nio-8080-exec-2] o.s.web.servlet.DispatcherServlet - Initializing Servlet 'dispatcherServlet'
2025-06-14 20:31:02 INFO  [http-nio-8080-exec-2] o.s.web.servlet.DispatcherServlet - Completed initialization in 0 ms
2025-06-14 20:31:02 WARN  [http-nio-8080-exec-2] o.s.h.c.j.MappingJackson2HttpMessageConverter - Failed to evaluate Jackson deserialization for type [[simple type, class com.crayon.model.CreateCustomerTenantRequest]]: com.fasterxml.jackson.databind.exc.InvalidDefinitionException: Conflicting getter definitions for property "LastName": com.crayon.model.Address#getLastName() vs com.crayon.model.Address#getMiddlename()
2025-06-14 20:31:02 WARN  [http-nio-8080-exec-2] o.s.h.c.j.MappingJackson2HttpMessageConverter - Failed to evaluate Jackson deserialization for type [[simple type, class com.crayon.model.CreateCustomerTenantRequest]]: com.fasterxml.jackson.databind.exc.InvalidDefinitionException: Conflicting getter definitions for property "LastName": com.crayon.model.Address#getLastName() vs com.crayon.model.Address#getMiddlename()
2025-06-14 20:31:02 WARN  [http-nio-8080-exec-2] o.s.w.s.m.s.DefaultHandlerExceptionResolver - Resolved [org.springframework.web.HttpMediaTypeNotSupportedException: Content-Type 'application/json;charset=UTF-8' is not supported]
2025-06-14 20:31:15 WARN  [http-nio-8080-exec-3] o.s.h.c.j.MappingJackson2HttpMessageConverter - Failed to evaluate Jackson deserialization for type [[simple type, class com.crayon.model.CreateCustomerTenantRequest]]: com.fasterxml.jackson.databind.exc.InvalidDefinitionException: Conflicting getter definitions for property "LastName": com.crayon.model.Address#getLastName() vs com.crayon.model.Address#getMiddlename()
2025-06-14 20:31:15 WARN  [http-nio-8080-exec-3] o.s.h.c.j.MappingJackson2HttpMessageConverter - Failed to evaluate Jackson deserialization for type [[simple type, class com.crayon.model.CreateCustomerTenantRequest]]: com.fasterxml.jackson.databind.exc.InvalidDefinitionException: Conflicting getter definitions for property "LastName": com.crayon.model.Address#getLastName() vs com.crayon.model.Address#getMiddlename()
2025-06-14 20:31:15 WARN  [http-nio-8080-exec-3] o.s.w.s.m.s.DefaultHandlerExceptionResolver - Resolved [org.springframework.web.HttpMediaTypeNotSupportedException: Content-Type 'application/json;charset=UTF-8' is not supported]
2025-06-14 20:31:33 WARN  [http-nio-8080-exec-4] o.s.h.c.j.MappingJackson2HttpMessageConverter - Failed to evaluate Jackson deserialization for type [[simple type, class com.crayon.model.CreateCustomerTenantRequest]]: com.fasterxml.jackson.databind.exc.InvalidDefinitionException: Conflicting getter definitions for property "LastName": com.crayon.model.Address#getLastName() vs com.crayon.model.Address#getMiddlename()
2025-06-14 20:31:33 WARN  [http-nio-8080-exec-4] o.s.h.c.j.MappingJackson2HttpMessageConverter - Failed to evaluate Jackson deserialization for type [[simple type, class com.crayon.model.CreateCustomerTenantRequest]]: com.fasterxml.jackson.databind.exc.InvalidDefinitionException: Conflicting getter definitions for property "LastName": com.crayon.model.Address#getLastName() vs com.crayon.model.Address#getMiddlename()
2025-06-14 20:31:33 WARN  [http-nio-8080-exec-4] o.s.w.s.m.s.DefaultHandlerExceptionResolver - Resolved [org.springframework.web.HttpMediaTypeNotSupportedException: Content-Type 'application/json;charset=UTF-8' is not supported]
2025-06-14 20:31:58 INFO  [main] com.crayon.boot.CrayonAppStarter - Starting CrayonAppStarter using Java 23.0.1 with PID 12056 (D:\Projects\CrayonsApp\build\classes\java\main started by 91805 in D:\Projects\CrayonsApp)
2025-06-14 20:31:58 INFO  [main] com.crayon.boot.CrayonAppStarter - No active profile set, falling back to 1 default profile: "default"
2025-06-14 20:31:59 INFO  [main] o.s.b.w.e.tomcat.TomcatWebServer - Tomcat initialized with port 8080 (http)
2025-06-14 20:31:59 INFO  [main] o.a.coyote.http11.Http11NioProtocol - Initializing ProtocolHandler ["http-nio-8080"]
2025-06-14 20:31:59 INFO  [main] o.a.catalina.core.StandardService - Starting service [Tomcat]
2025-06-14 20:31:59 INFO  [main] o.a.catalina.core.StandardEngine - Starting Servlet engine: [Apache Tomcat/10.1.24]
2025-06-14 20:31:59 INFO  [main] o.a.c.c.C.[Tomcat].[localhost].[/] - Initializing Spring embedded WebApplicationContext
2025-06-14 20:31:59 INFO  [main] o.s.b.w.s.c.ServletWebServerApplicationContext - Root WebApplicationContext: initialization completed in 1186 ms
2025-06-14 20:32:00 INFO  [main] o.a.coyote.http11.Http11NioProtocol - Starting ProtocolHandler ["http-nio-8080"]
2025-06-14 20:32:00 INFO  [main] o.s.b.w.e.tomcat.TomcatWebServer - Tomcat started on port 8080 (http) with context path '/'
2025-06-14 20:32:00 INFO  [main] com.crayon.boot.CrayonAppStarter - Started CrayonAppStarter in 2.264 seconds (process running for 2.738)
2025-06-14 20:32:11 INFO  [http-nio-8080-exec-2] o.a.c.c.C.[Tomcat].[localhost].[/] - Initializing Spring DispatcherServlet 'dispatcherServlet'
2025-06-14 20:32:11 INFO  [http-nio-8080-exec-2] o.s.web.servlet.DispatcherServlet - Initializing Servlet 'dispatcherServlet'
2025-06-14 20:32:11 INFO  [http-nio-8080-exec-2] o.s.web.servlet.DispatcherServlet - Completed initialization in 1 ms
2025-06-14 20:32:11 WARN  [http-nio-8080-exec-2] o.s.h.c.j.MappingJackson2HttpMessageConverter - Failed to evaluate Jackson deserialization for type [[simple type, class com.crayon.model.CreateCustomerTenantRequest]]: com.fasterxml.jackson.databind.exc.InvalidDefinitionException: Conflicting getter definitions for property "LastName": com.crayon.model.Address#getLastName() vs com.crayon.model.Address#getMiddlename()
2025-06-14 20:32:11 WARN  [http-nio-8080-exec-2] o.s.h.c.j.MappingJackson2HttpMessageConverter - Failed to evaluate Jackson deserialization for type [[simple type, class com.crayon.model.CreateCustomerTenantRequest]]: com.fasterxml.jackson.databind.exc.InvalidDefinitionException: Conflicting getter definitions for property "LastName": com.crayon.model.Address#getLastName() vs com.crayon.model.Address#getMiddlename()
2025-06-14 20:32:11 WARN  [http-nio-8080-exec-2] o.s.w.s.m.s.DefaultHandlerExceptionResolver - Resolved [org.springframework.web.HttpMediaTypeNotSupportedException: Content-Type 'application/json;charset=UTF-8' is not supported]
2025-06-14 20:34:29 INFO  [main] com.crayon.boot.CrayonAppStarter - Starting CrayonAppStarter using Java 23.0.1 with PID 3780 (D:\Projects\CrayonsApp\build\classes\java\main started by 91805 in D:\Projects\CrayonsApp)
2025-06-14 20:34:29 INFO  [main] com.crayon.boot.CrayonAppStarter - No active profile set, falling back to 1 default profile: "default"
2025-06-14 20:34:30 INFO  [main] o.s.b.w.e.tomcat.TomcatWebServer - Tomcat initialized with port 8080 (http)
2025-06-14 20:34:30 INFO  [main] o.a.coyote.http11.Http11NioProtocol - Initializing ProtocolHandler ["http-nio-8080"]
2025-06-14 20:34:30 INFO  [main] o.a.catalina.core.StandardService - Starting service [Tomcat]
2025-06-14 20:34:30 INFO  [main] o.a.catalina.core.StandardEngine - Starting Servlet engine: [Apache Tomcat/10.1.24]
2025-06-14 20:34:30 INFO  [main] o.a.c.c.C.[Tomcat].[localhost].[/] - Initializing Spring embedded WebApplicationContext
2025-06-14 20:34:30 INFO  [main] o.s.b.w.s.c.ServletWebServerApplicationContext - Root WebApplicationContext: initialization completed in 1626 ms
2025-06-14 20:34:31 INFO  [main] o.a.coyote.http11.Http11NioProtocol - Starting ProtocolHandler ["http-nio-8080"]
2025-06-14 20:34:31 INFO  [main] o.s.b.w.e.tomcat.TomcatWebServer - Tomcat started on port 8080 (http) with context path '/'
2025-06-14 20:34:31 INFO  [main] com.crayon.boot.CrayonAppStarter - Started CrayonAppStarter in 2.773 seconds (process running for 3.199)
2025-06-14 20:34:39 INFO  [http-nio-8080-exec-1] o.a.c.c.C.[Tomcat].[localhost].[/] - Initializing Spring DispatcherServlet 'dispatcherServlet'
2025-06-14 20:34:39 INFO  [http-nio-8080-exec-1] o.s.web.servlet.DispatcherServlet - Initializing Servlet 'dispatcherServlet'
2025-06-14 20:34:39 INFO  [http-nio-8080-exec-1] o.s.web.servlet.DispatcherServlet - Completed initialization in 0 ms
2025-06-14 20:35:02 ERROR [http-nio-8080-exec-1] o.a.c.c.C.[.[.[.[dispatcherServlet] - Servlet.service() for servlet [dispatcherServlet] in context with path [] threw exception [Request processing failed: org.apache.logging.log4j.util.InternalException: Something went wrong while creating the tenant 400 Bad Request: "{<EOL><EOL>  "ErrorCode": "400 BadRequest",<EOL><EOL>  "Message": "Invalid organization id",<EOL><EOL>  "Parameters": {},<EOL><EOL>  "ObjectErrors": []<EOL><EOL>}"] with root cause
org.apache.logging.log4j.util.InternalException: Something went wrong while creating the tenant 400 Bad Request: "{<EOL><EOL>  "ErrorCode": "400 BadRequest",<EOL><EOL>  "Message": "Invalid organization id",<EOL><EOL>  "Parameters": {},<EOL><EOL>  "ObjectErrors": []<EOL><EOL>}"
	at com.crayon.service.CrayonService.createTenant(CrayonService.java:41)
	at com.crayon.controller.CrayonController.createCustomer(CrayonController.java:48)
	at java.base/jdk.internal.reflect.DirectMethodHandleAccessor.invoke(DirectMethodHandleAccessor.java:103)
	at java.base/java.lang.reflect.Method.invoke(Method.java:580)
	at org.springframework.web.method.support.InvocableHandlerMethod.doInvoke(InvocableHandlerMethod.java:255)
	at org.springframework.web.method.support.InvocableHandlerMethod.invokeForRequest(InvocableHandlerMethod.java:188)
	at org.springframework.web.servlet.mvc.method.annotation.ServletInvocableHandlerMethod.invokeAndHandle(ServletInvocableHandlerMethod.java:118)
	at org.springframework.web.servlet.mvc.method.annotation.RequestMappingHandlerAdapter.invokeHandlerMethod(RequestMappingHandlerAdapter.java:926)
	at org.springframework.web.servlet.mvc.method.annotation.RequestMappingHandlerAdapter.handleInternal(RequestMappingHandlerAdapter.java:831)
	at org.springframework.web.servlet.mvc.method.AbstractHandlerMethodAdapter.handle(AbstractHandlerMethodAdapter.java:87)
	at org.springframework.web.servlet.DispatcherServlet.doDispatch(DispatcherServlet.java:1089)
	at org.springframework.web.servlet.DispatcherServlet.doService(DispatcherServlet.java:979)
	at org.springframework.web.servlet.FrameworkServlet.processRequest(FrameworkServlet.java:1014)
	at org.springframework.web.servlet.FrameworkServlet.doPost(FrameworkServlet.java:914)
	at jakarta.servlet.http.HttpServlet.service(HttpServlet.java:590)
	at org.springframework.web.servlet.FrameworkServlet.service(FrameworkServlet.java:885)
	at jakarta.servlet.http.HttpServlet.service(HttpServlet.java:658)
	at org.apache.catalina.core.ApplicationFilterChain.internalDoFilter(ApplicationFilterChain.java:195)
	at org.apache.catalina.core.ApplicationFilterChain.doFilter(ApplicationFilterChain.java:140)
	at org.apache.tomcat.websocket.server.WsFilter.doFilter(WsFilter.java:51)
	at org.apache.catalina.core.ApplicationFilterChain.internalDoFilter(ApplicationFilterChain.java:164)
	at org.apache.catalina.core.ApplicationFilterChain.doFilter(ApplicationFilterChain.java:140)
	at org.springframework.web.filter.RequestContextFilter.doFilterInternal(RequestContextFilter.java:100)
	at org.springframework.web.filter.OncePerRequestFilter.doFilter(OncePerRequestFilter.java:116)
	at org.apache.catalina.core.ApplicationFilterChain.internalDoFilter(ApplicationFilterChain.java:164)
	at org.apache.catalina.core.ApplicationFilterChain.doFilter(ApplicationFilterChain.java:140)
	at org.springframework.web.filter.FormContentFilter.doFilterInternal(FormContentFilter.java:93)
	at org.springframework.web.filter.OncePerRequestFilter.doFilter(OncePerRequestFilter.java:116)
	at org.apache.catalina.core.ApplicationFilterChain.internalDoFilter(ApplicationFilterChain.java:164)
	at org.apache.catalina.core.ApplicationFilterChain.doFilter(ApplicationFilterChain.java:140)
	at org.springframework.web.filter.CharacterEncodingFilter.doFilterInternal(CharacterEncodingFilter.java:201)
	at org.springframework.web.filter.OncePerRequestFilter.doFilter(OncePerRequestFilter.java:116)
	at org.apache.catalina.core.ApplicationFilterChain.internalDoFilter(ApplicationFilterChain.java:164)
	at org.apache.catalina.core.ApplicationFilterChain.doFilter(ApplicationFilterChain.java:140)
	at org.apache.catalina.core.StandardWrapperValve.invoke(StandardWrapperValve.java:167)
	at org.apache.catalina.core.StandardContextValve.invoke(StandardContextValve.java:90)
	at org.apache.catalina.authenticator.AuthenticatorBase.invoke(AuthenticatorBase.java:482)
	at org.apache.catalina.core.StandardHostValve.invoke(StandardHostValve.java:115)
	at org.apache.catalina.valves.ErrorReportValve.invoke(ErrorReportValve.java:93)
	at org.apache.catalina.core.StandardEngineValve.invoke(StandardEngineValve.java:74)
	at org.apache.catalina.connector.CoyoteAdapter.service(CoyoteAdapter.java:344)
	at org.apache.coyote.http11.Http11Processor.service(Http11Processor.java:389)
	at org.apache.coyote.AbstractProcessorLight.process(AbstractProcessorLight.java:63)
	at org.apache.coyote.AbstractProtocol$ConnectionHandler.process(AbstractProtocol.java:896)
	at org.apache.tomcat.util.net.NioEndpoint$SocketProcessor.doRun(NioEndpoint.java:1741)
	at org.apache.tomcat.util.net.SocketProcessorBase.run(SocketProcessorBase.java:52)
	at org.apache.tomcat.util.threads.ThreadPoolExecutor.runWorker(ThreadPoolExecutor.java:1190)
	at org.apache.tomcat.util.threads.ThreadPoolExecutor$Worker.run(ThreadPoolExecutor.java:659)
	at org.apache.tomcat.util.threads.TaskThread$WrappingRunnable.run(TaskThread.java:63)
	at java.base/java.lang.Thread.run(Thread.java:1575)
