2025-06-16 23:50:00 INFO  [main] com.crayon.boot.CrayonAppStarter - Starting CrayonAppStarter using Java 23.0.1 with PID 27888 (D:\Projects\CrayonsApp\build\classes\java\main started by 91805 in D:\Projects\CrayonsApp)
2025-06-16 23:50:00 INFO  [main] com.crayon.boot.CrayonAppStarter - No active profile set, falling back to 1 default profile: "default"
2025-06-16 23:50:01 WARN  [main] o.s.b.w.s.c.AnnotationConfigServletWebServerApplicationContext - Exception encountered during context initialization - cancelling refresh attempt: org.springframework.beans.factory.support.BeanDefinitionOverrideException: Invalid bean definition with name 'passwordEncoder' defined in class path resource [com/crayon/security/Authorization.class]: Cannot register bean definition [Root bean: class [null]; scope=; abstract=false; lazyInit=null; autowireMode=3; dependencyCheck=0; autowireCandidate=true; primary=false; factoryBeanName=authorization; factoryMethodName=passwordEncoder; initMethodNames=null; destroyMethodNames=[(inferred)]; defined in class path resource [com/crayon/security/Authorization.class]] for bean 'passwordEncoder' since there is already [Root bean: class [null]; scope=; abstract=false; lazyInit=null; autowireMode=3; dependencyCheck=0; autowireCandidate=true; primary=false; factoryBeanName=webSecurity; factoryMethodName=passwordEncoder; initMethodNames=null; destroyMethodNames=[(inferred)]; defined in class path resource [com/crayon/config/WebSecurity.class]] bound.
2025-06-16 23:50:01 INFO  [main] o.s.b.a.l.ConditionEvaluationReportLogger - 

Error starting ApplicationContext. To display the condition evaluation report re-run your application with 'debug' enabled.
2025-06-16 23:50:01 ERROR [main] o.s.b.d.LoggingFailureAnalysisReporter - 

***************************
APPLICATION FAILED TO START
***************************

Description:

The bean 'passwordEncoder', defined in class path resource [com/crayon/security/Authorization.class], could not be registered. A bean with that name has already been defined in class path resource [com/crayon/config/WebSecurity.class] and overriding is disabled.

Action:

Consider renaming one of the beans or enabling overriding by setting spring.main.allow-bean-definition-overriding=true

2025-06-16 23:53:29 INFO  [main] com.crayon.boot.CrayonAppStarter - Starting CrayonAppStarter using Java 23.0.1 with PID 12876 (D:\Projects\CrayonsApp\build\classes\java\main started by 91805 in D:\Projects\CrayonsApp)
2025-06-16 23:53:29 INFO  [main] com.crayon.boot.CrayonAppStarter - No active profile set, falling back to 1 default profile: "default"
2025-06-16 23:53:30 WARN  [main] o.s.b.w.s.c.AnnotationConfigServletWebServerApplicationContext - Exception encountered during context initialization - cancelling refresh attempt: org.springframework.beans.factory.support.BeanDefinitionOverrideException: Invalid bean definition with name 'securityFilterChain' defined in class path resource [com/crayon/security/ResourceServer.class]: Cannot register bean definition [Root bean: class [null]; scope=; abstract=false; lazyInit=null; autowireMode=3; dependencyCheck=0; autowireCandidate=true; primary=false; factoryBeanName=resourceServer; factoryMethodName=securityFilterChain; initMethodNames=null; destroyMethodNames=[(inferred)]; defined in class path resource [com/crayon/security/ResourceServer.class]] for bean 'securityFilterChain' since there is already [Root bean: class [null]; scope=; abstract=false; lazyInit=null; autowireMode=3; dependencyCheck=0; autowireCandidate=true; primary=false; factoryBeanName=webSecurity; factoryMethodName=securityFilterChain; initMethodNames=null; destroyMethodNames=[(inferred)]; defined in class path resource [com/crayon/config/WebSecurity.class]] bound.
2025-06-16 23:53:30 INFO  [main] o.s.b.a.l.ConditionEvaluationReportLogger - 

Error starting ApplicationContext. To display the condition evaluation report re-run your application with 'debug' enabled.
2025-06-16 23:53:30 ERROR [main] o.s.b.d.LoggingFailureAnalysisReporter - 

***************************
APPLICATION FAILED TO START
***************************

Description:

The bean 'securityFilterChain', defined in class path resource [com/crayon/security/ResourceServer.class], could not be registered. A bean with that name has already been defined in class path resource [com/crayon/config/WebSecurity.class] and overriding is disabled.

Action:

Consider renaming one of the beans or enabling overriding by setting spring.main.allow-bean-definition-overriding=true

