2025-06-13 00:00:06 INFO  [main] com.crayon.boot.CrayonAppStarter - Starting CrayonAppStarter using Java 23.0.1 with PID 3428 (D:\Projects\CrayonsApp\build\classes\java\main started by 91805 in D:\Projects\CrayonsApp)
2025-06-13 00:00:06 INFO  [main] com.crayon.boot.CrayonAppStarter - No active profile set, falling back to 1 default profile: "default"
2025-06-13 00:00:07 INFO  [main] o.s.b.w.e.tomcat.TomcatWebServer - Tomcat initialized with port 8080 (http)
2025-06-13 00:00:07 INFO  [main] o.a.coyote.http11.Http11NioProtocol - Initializing ProtocolHandler ["http-nio-8080"]
2025-06-13 00:00:07 INFO  [main] o.a.catalina.core.StandardService - Starting service [Tomcat]
2025-06-13 00:00:07 INFO  [main] o.a.catalina.core.StandardEngine - Starting Servlet engine: [Apache Tomcat/10.1.24]
2025-06-13 00:00:07 INFO  [main] o.a.c.c.C.[Tomcat].[localhost].[/] - Initializing Spring embedded WebApplicationContext
2025-06-13 00:00:07 INFO  [main] o.s.b.w.s.c.ServletWebServerApplicationContext - Root WebApplicationContext: initialization completed in 1385 ms
2025-06-13 00:00:08 INFO  [main] o.a.coyote.http11.Http11NioProtocol - Starting ProtocolHandler ["http-nio-8080"]
2025-06-13 00:00:08 INFO  [main] o.s.b.w.e.tomcat.TomcatWebServer - Tomcat started on port 8080 (http) with context path '/'
2025-06-13 00:00:08 INFO  [main] com.crayon.boot.CrayonAppStarter - Started CrayonAppStarter in 3.276 seconds (process running for 3.805)
2025-06-13 00:00:15 INFO  [http-nio-8080-exec-1] o.a.c.c.C.[Tomcat].[localhost].[/] - Initializing Spring DispatcherServlet 'dispatcherServlet'
2025-06-13 00:00:15 INFO  [http-nio-8080-exec-1] o.s.web.servlet.DispatcherServlet - Initializing Servlet 'dispatcherServlet'
2025-06-13 00:00:15 INFO  [http-nio-8080-exec-1] o.s.web.servlet.DispatcherServlet - Completed initialization in 2 ms
2025-06-13 00:05:21 INFO  [main] com.crayon.boot.CrayonAppStarter - Starting CrayonAppStarter using Java 23.0.1 with PID 13256 (D:\Projects\CrayonsApp\build\classes\java\main started by 91805 in D:\Projects\CrayonsApp)
2025-06-13 00:05:21 INFO  [main] com.crayon.boot.CrayonAppStarter - No active profile set, falling back to 1 default profile: "default"
2025-06-13 00:05:22 INFO  [main] o.s.b.w.e.tomcat.TomcatWebServer - Tomcat initialized with port 8080 (http)
2025-06-13 00:05:23 INFO  [main] o.a.coyote.http11.Http11NioProtocol - Initializing ProtocolHandler ["http-nio-8080"]
2025-06-13 00:05:23 INFO  [main] o.a.catalina.core.StandardService - Starting service [Tomcat]
2025-06-13 00:05:23 INFO  [main] o.a.catalina.core.StandardEngine - Starting Servlet engine: [Apache Tomcat/10.1.24]
2025-06-13 00:05:23 INFO  [main] o.a.c.c.C.[Tomcat].[localhost].[/] - Initializing Spring embedded WebApplicationContext
2025-06-13 00:05:23 INFO  [main] o.s.b.w.s.c.ServletWebServerApplicationContext - Root WebApplicationContext: initialization completed in 2192 ms
2025-06-13 00:05:23 INFO  [main] o.a.coyote.http11.Http11NioProtocol - Starting ProtocolHandler ["http-nio-8080"]
2025-06-13 00:05:23 INFO  [main] o.s.b.w.e.tomcat.TomcatWebServer - Tomcat started on port 8080 (http) with context path '/'
2025-06-13 00:05:23 INFO  [main] com.crayon.boot.CrayonAppStarter - Started CrayonAppStarter in 3.333 seconds (process running for 3.778)
2025-06-13 00:05:27 INFO  [http-nio-8080-exec-1] o.a.c.c.C.[Tomcat].[localhost].[/] - Initializing Spring DispatcherServlet 'dispatcherServlet'
2025-06-13 00:05:27 INFO  [http-nio-8080-exec-1] o.s.web.servlet.DispatcherServlet - Initializing Servlet 'dispatcherServlet'
2025-06-13 00:05:27 INFO  [http-nio-8080-exec-1] o.s.web.servlet.DispatcherServlet - Completed initialization in 1 ms
2025-06-13 00:05:35 ERROR [http-nio-8080-exec-1] c.crayon.controller.CrayonController - Something went wrong while fetching token
2025-06-13 00:10:25 INFO  [main] com.crayon.boot.CrayonAppStarter - Starting CrayonAppStarter using Java 23.0.1 with PID 26288 (D:\Projects\CrayonsApp\build\classes\java\main started by 91805 in D:\Projects\CrayonsApp)
2025-06-13 00:10:25 INFO  [main] com.crayon.boot.CrayonAppStarter - No active profile set, falling back to 1 default profile: "default"
2025-06-13 00:10:26 INFO  [main] o.s.b.w.e.tomcat.TomcatWebServer - Tomcat initialized with port 8080 (http)
2025-06-13 00:10:26 INFO  [main] o.a.coyote.http11.Http11NioProtocol - Initializing ProtocolHandler ["http-nio-8080"]
2025-06-13 00:10:26 INFO  [main] o.a.catalina.core.StandardService - Starting service [Tomcat]
2025-06-13 00:10:26 INFO  [main] o.a.catalina.core.StandardEngine - Starting Servlet engine: [Apache Tomcat/10.1.24]
2025-06-13 00:10:27 INFO  [main] o.a.c.c.C.[Tomcat].[localhost].[/] - Initializing Spring embedded WebApplicationContext
2025-06-13 00:10:27 INFO  [main] o.s.b.w.s.c.ServletWebServerApplicationContext - Root WebApplicationContext: initialization completed in 1283 ms
2025-06-13 00:10:27 INFO  [main] o.a.coyote.http11.Http11NioProtocol - Starting ProtocolHandler ["http-nio-8080"]
2025-06-13 00:10:27 INFO  [main] o.s.b.w.e.tomcat.TomcatWebServer - Tomcat started on port 8080 (http) with context path '/'
2025-06-13 00:10:27 INFO  [main] com.crayon.boot.CrayonAppStarter - Started CrayonAppStarter in 2.402 seconds (process running for 2.823)
2025-06-13 00:10:33 INFO  [http-nio-8080-exec-2] o.a.c.c.C.[Tomcat].[localhost].[/] - Initializing Spring DispatcherServlet 'dispatcherServlet'
2025-06-13 00:10:33 INFO  [http-nio-8080-exec-2] o.s.web.servlet.DispatcherServlet - Initializing Servlet 'dispatcherServlet'
2025-06-13 00:10:33 INFO  [http-nio-8080-exec-2] o.s.web.servlet.DispatcherServlet - Completed initialization in 1 ms
2025-06-13 00:12:17 INFO  [main] com.crayon.boot.CrayonAppStarter - Starting CrayonAppStarter using Java 23.0.1 with PID 26680 (D:\Projects\CrayonsApp\build\classes\java\main started by 91805 in D:\Projects\CrayonsApp)
2025-06-13 00:12:17 INFO  [main] com.crayon.boot.CrayonAppStarter - No active profile set, falling back to 1 default profile: "default"
2025-06-13 00:12:18 INFO  [main] o.s.b.w.e.tomcat.TomcatWebServer - Tomcat initialized with port 8080 (http)
2025-06-13 00:12:18 INFO  [main] o.a.coyote.http11.Http11NioProtocol - Initializing ProtocolHandler ["http-nio-8080"]
2025-06-13 00:12:18 INFO  [main] o.a.catalina.core.StandardService - Starting service [Tomcat]
2025-06-13 00:12:18 INFO  [main] o.a.catalina.core.StandardEngine - Starting Servlet engine: [Apache Tomcat/10.1.24]
2025-06-13 00:12:18 INFO  [main] o.a.c.c.C.[Tomcat].[localhost].[/] - Initializing Spring embedded WebApplicationContext
2025-06-13 00:12:18 INFO  [main] o.s.b.w.s.c.ServletWebServerApplicationContext - Root WebApplicationContext: initialization completed in 1287 ms
2025-06-13 00:12:18 INFO  [main] o.a.coyote.http11.Http11NioProtocol - Starting ProtocolHandler ["http-nio-8080"]
2025-06-13 00:12:18 INFO  [main] o.s.b.w.e.tomcat.TomcatWebServer - Tomcat started on port 8080 (http) with context path '/'
2025-06-13 00:12:18 INFO  [main] com.crayon.boot.CrayonAppStarter - Started CrayonAppStarter in 2.64 seconds (process running for 3.094)
2025-06-13 00:12:23 INFO  [http-nio-8080-exec-2] o.a.c.c.C.[Tomcat].[localhost].[/] - Initializing Spring DispatcherServlet 'dispatcherServlet'
2025-06-13 00:12:23 INFO  [http-nio-8080-exec-2] o.s.web.servlet.DispatcherServlet - Initializing Servlet 'dispatcherServlet'
2025-06-13 00:12:23 INFO  [http-nio-8080-exec-2] o.s.web.servlet.DispatcherServlet - Completed initialization in 1 ms
2025-06-13 00:13:57 INFO  [main] com.crayon.boot.CrayonAppStarter - Starting CrayonAppStarter using Java 23.0.1 with PID 25108 (D:\Projects\CrayonsApp\build\classes\java\main started by 91805 in D:\Projects\CrayonsApp)
2025-06-13 00:13:57 INFO  [main] com.crayon.boot.CrayonAppStarter - No active profile set, falling back to 1 default profile: "default"
2025-06-13 00:13:58 INFO  [main] o.s.b.w.e.tomcat.TomcatWebServer - Tomcat initialized with port 8080 (http)
2025-06-13 00:13:58 INFO  [main] o.a.coyote.http11.Http11NioProtocol - Initializing ProtocolHandler ["http-nio-8080"]
2025-06-13 00:13:58 INFO  [main] o.a.catalina.core.StandardService - Starting service [Tomcat]
2025-06-13 00:13:58 INFO  [main] o.a.catalina.core.StandardEngine - Starting Servlet engine: [Apache Tomcat/10.1.24]
2025-06-13 00:13:58 INFO  [main] o.a.c.c.C.[Tomcat].[localhost].[/] - Initializing Spring embedded WebApplicationContext
2025-06-13 00:13:58 INFO  [main] o.s.b.w.s.c.ServletWebServerApplicationContext - Root WebApplicationContext: initialization completed in 1349 ms
2025-06-13 00:13:59 INFO  [main] o.a.coyote.http11.Http11NioProtocol - Starting ProtocolHandler ["http-nio-8080"]
2025-06-13 00:13:59 INFO  [main] o.s.b.w.e.tomcat.TomcatWebServer - Tomcat started on port 8080 (http) with context path '/'
2025-06-13 00:13:59 INFO  [main] com.crayon.boot.CrayonAppStarter - Started CrayonAppStarter in 2.434 seconds (process running for 2.934)
2025-06-13 00:14:05 INFO  [http-nio-8080-exec-1] o.a.c.c.C.[Tomcat].[localhost].[/] - Initializing Spring DispatcherServlet 'dispatcherServlet'
2025-06-13 00:14:05 INFO  [http-nio-8080-exec-1] o.s.web.servlet.DispatcherServlet - Initializing Servlet 'dispatcherServlet'
2025-06-13 00:14:05 INFO  [http-nio-8080-exec-1] o.s.web.servlet.DispatcherServlet - Completed initialization in 1 ms
2025-06-13 00:16:10 INFO  [main] com.crayon.boot.CrayonAppStarter - Starting CrayonAppStarter using Java 23.0.1 with PID 11228 (D:\Projects\CrayonsApp\build\classes\java\main started by 91805 in D:\Projects\CrayonsApp)
2025-06-13 00:16:11 INFO  [main] com.crayon.boot.CrayonAppStarter - No active profile set, falling back to 1 default profile: "default"
2025-06-13 00:16:12 INFO  [main] o.s.b.w.e.tomcat.TomcatWebServer - Tomcat initialized with port 8080 (http)
2025-06-13 00:16:12 INFO  [main] o.a.coyote.http11.Http11NioProtocol - Initializing ProtocolHandler ["http-nio-8080"]
2025-06-13 00:16:12 INFO  [main] o.a.catalina.core.StandardService - Starting service [Tomcat]
2025-06-13 00:16:12 INFO  [main] o.a.catalina.core.StandardEngine - Starting Servlet engine: [Apache Tomcat/10.1.24]
2025-06-13 00:16:12 INFO  [main] o.a.c.c.C.[Tomcat].[localhost].[/] - Initializing Spring embedded WebApplicationContext
2025-06-13 00:16:12 INFO  [main] o.s.b.w.s.c.ServletWebServerApplicationContext - Root WebApplicationContext: initialization completed in 1278 ms
2025-06-13 00:16:13 INFO  [main] o.a.coyote.http11.Http11NioProtocol - Starting ProtocolHandler ["http-nio-8080"]
2025-06-13 00:16:13 INFO  [main] o.s.b.w.e.tomcat.TomcatWebServer - Tomcat started on port 8080 (http) with context path '/'
2025-06-13 00:16:13 INFO  [main] com.crayon.boot.CrayonAppStarter - Started CrayonAppStarter in 2.958 seconds (process running for 3.511)
2025-06-13 00:16:46 INFO  [http-nio-8080-exec-1] o.a.c.c.C.[Tomcat].[localhost].[/] - Initializing Spring DispatcherServlet 'dispatcherServlet'
2025-06-13 00:16:46 INFO  [http-nio-8080-exec-1] o.s.web.servlet.DispatcherServlet - Initializing Servlet 'dispatcherServlet'
2025-06-13 00:16:46 INFO  [http-nio-8080-exec-1] o.s.web.servlet.DispatcherServlet - Completed initialization in 1 ms
2025-06-13 00:18:46 INFO  [main] com.crayon.boot.CrayonAppStarter - Starting CrayonAppStarter using Java 23.0.1 with PID 20756 (D:\Projects\CrayonsApp\build\classes\java\main started by 91805 in D:\Projects\CrayonsApp)
2025-06-13 00:18:46 INFO  [main] com.crayon.boot.CrayonAppStarter - No active profile set, falling back to 1 default profile: "default"
2025-06-13 00:18:47 INFO  [main] o.s.b.w.e.tomcat.TomcatWebServer - Tomcat initialized with port 8080 (http)
2025-06-13 00:18:47 INFO  [main] o.a.coyote.http11.Http11NioProtocol - Initializing ProtocolHandler ["http-nio-8080"]
2025-06-13 00:18:47 INFO  [main] o.a.catalina.core.StandardService - Starting service [Tomcat]
2025-06-13 00:18:47 INFO  [main] o.a.catalina.core.StandardEngine - Starting Servlet engine: [Apache Tomcat/10.1.24]
2025-06-13 00:18:47 INFO  [main] o.a.c.c.C.[Tomcat].[localhost].[/] - Initializing Spring embedded WebApplicationContext
2025-06-13 00:18:47 INFO  [main] o.s.b.w.s.c.ServletWebServerApplicationContext - Root WebApplicationContext: initialization completed in 1291 ms
2025-06-13 00:18:47 INFO  [main] o.a.coyote.http11.Http11NioProtocol - Starting ProtocolHandler ["http-nio-8080"]
2025-06-13 00:18:47 INFO  [main] o.s.b.w.e.tomcat.TomcatWebServer - Tomcat started on port 8080 (http) with context path '/'
2025-06-13 00:18:47 INFO  [main] com.crayon.boot.CrayonAppStarter - Started CrayonAppStarter in 2.416 seconds (process running for 2.856)
2025-06-13 00:19:04 INFO  [http-nio-8080-exec-1] o.a.c.c.C.[Tomcat].[localhost].[/] - Initializing Spring DispatcherServlet 'dispatcherServlet'
2025-06-13 00:19:04 INFO  [http-nio-8080-exec-1] o.s.web.servlet.DispatcherServlet - Initializing Servlet 'dispatcherServlet'
2025-06-13 00:19:04 INFO  [http-nio-8080-exec-1] o.s.web.servlet.DispatcherServlet - Completed initialization in 0 ms
2025-06-13 00:19:21 ERROR [http-nio-8080-exec-1] c.crayon.controller.CrayonController - Something went wrong while fetching token
2025-06-13 00:20:45 INFO  [main] com.crayon.boot.CrayonAppStarter - Starting CrayonAppStarter using Java 23.0.1 with PID 18304 (D:\Projects\CrayonsApp\build\classes\java\main started by 91805 in D:\Projects\CrayonsApp)
2025-06-13 00:20:45 INFO  [main] com.crayon.boot.CrayonAppStarter - No active profile set, falling back to 1 default profile: "default"
2025-06-13 00:20:47 INFO  [main] o.s.b.w.e.tomcat.TomcatWebServer - Tomcat initialized with port 8080 (http)
2025-06-13 00:20:47 INFO  [main] o.a.coyote.http11.Http11NioProtocol - Initializing ProtocolHandler ["http-nio-8080"]
2025-06-13 00:20:47 INFO  [main] o.a.catalina.core.StandardService - Starting service [Tomcat]
2025-06-13 00:20:47 INFO  [main] o.a.catalina.core.StandardEngine - Starting Servlet engine: [Apache Tomcat/10.1.24]
2025-06-13 00:20:47 INFO  [main] o.a.c.c.C.[Tomcat].[localhost].[/] - Initializing Spring embedded WebApplicationContext
2025-06-13 00:20:47 INFO  [main] o.s.b.w.s.c.ServletWebServerApplicationContext - Root WebApplicationContext: initialization completed in 1276 ms
2025-06-13 00:20:47 INFO  [main] o.a.coyote.http11.Http11NioProtocol - Starting ProtocolHandler ["http-nio-8080"]
2025-06-13 00:20:47 INFO  [main] o.s.b.w.e.tomcat.TomcatWebServer - Tomcat started on port 8080 (http) with context path '/'
2025-06-13 00:20:47 INFO  [main] com.crayon.boot.CrayonAppStarter - Started CrayonAppStarter in 2.623 seconds (process running for 3.06)
2025-06-13 00:20:51 INFO  [http-nio-8080-exec-1] o.a.c.c.C.[Tomcat].[localhost].[/] - Initializing Spring DispatcherServlet 'dispatcherServlet'
2025-06-13 00:20:51 INFO  [http-nio-8080-exec-1] o.s.web.servlet.DispatcherServlet - Initializing Servlet 'dispatcherServlet'
2025-06-13 00:20:51 INFO  [http-nio-8080-exec-1] o.s.web.servlet.DispatcherServlet - Completed initialization in 1 ms
2025-06-13 00:21:53 INFO  [main] com.crayon.boot.CrayonAppStarter - Starting CrayonAppStarter using Java 23.0.1 with PID 5204 (D:\Projects\CrayonsApp\build\classes\java\main started by 91805 in D:\Projects\CrayonsApp)
2025-06-13 00:21:53 INFO  [main] com.crayon.boot.CrayonAppStarter - No active profile set, falling back to 1 default profile: "default"
2025-06-13 00:21:54 INFO  [main] o.s.b.w.e.tomcat.TomcatWebServer - Tomcat initialized with port 8080 (http)
2025-06-13 00:21:55 INFO  [main] o.a.coyote.http11.Http11NioProtocol - Initializing ProtocolHandler ["http-nio-8080"]
2025-06-13 00:21:55 INFO  [main] o.a.catalina.core.StandardService - Starting service [Tomcat]
2025-06-13 00:21:55 INFO  [main] o.a.catalina.core.StandardEngine - Starting Servlet engine: [Apache Tomcat/10.1.24]
2025-06-13 00:21:55 INFO  [main] o.a.c.c.C.[Tomcat].[localhost].[/] - Initializing Spring embedded WebApplicationContext
2025-06-13 00:21:55 INFO  [main] o.s.b.w.s.c.ServletWebServerApplicationContext - Root WebApplicationContext: initialization completed in 1960 ms
2025-06-13 00:21:55 INFO  [main] o.a.coyote.http11.Http11NioProtocol - Starting ProtocolHandler ["http-nio-8080"]
2025-06-13 00:21:55 INFO  [main] o.s.b.w.e.tomcat.TomcatWebServer - Tomcat started on port 8080 (http) with context path '/'
2025-06-13 00:21:55 INFO  [main] com.crayon.boot.CrayonAppStarter - Started CrayonAppStarter in 2.924 seconds (process running for 3.279)
2025-06-13 00:22:14 INFO  [http-nio-8080-exec-3] o.a.c.c.C.[Tomcat].[localhost].[/] - Initializing Spring DispatcherServlet 'dispatcherServlet'
2025-06-13 00:22:14 INFO  [http-nio-8080-exec-3] o.s.web.servlet.DispatcherServlet - Initializing Servlet 'dispatcherServlet'
2025-06-13 00:22:14 INFO  [http-nio-8080-exec-3] o.s.web.servlet.DispatcherServlet - Completed initialization in 0 ms
2025-06-13 00:23:02 INFO  [main] com.crayon.boot.CrayonAppStarter - Starting CrayonAppStarter using Java 23.0.1 with PID 27116 (D:\Projects\CrayonsApp\build\classes\java\main started by 91805 in D:\Projects\CrayonsApp)
2025-06-13 00:23:02 INFO  [main] com.crayon.boot.CrayonAppStarter - No active profile set, falling back to 1 default profile: "default"
2025-06-13 00:23:03 INFO  [main] o.s.b.w.e.tomcat.TomcatWebServer - Tomcat initialized with port 8080 (http)
2025-06-13 00:23:03 INFO  [main] o.a.coyote.http11.Http11NioProtocol - Initializing ProtocolHandler ["http-nio-8080"]
2025-06-13 00:23:03 INFO  [main] o.a.catalina.core.StandardService - Starting service [Tomcat]
2025-06-13 00:23:03 INFO  [main] o.a.catalina.core.StandardEngine - Starting Servlet engine: [Apache Tomcat/10.1.24]
2025-06-13 00:23:03 INFO  [main] o.a.c.c.C.[Tomcat].[localhost].[/] - Initializing Spring embedded WebApplicationContext
2025-06-13 00:23:03 INFO  [main] o.s.b.w.s.c.ServletWebServerApplicationContext - Root WebApplicationContext: initialization completed in 1152 ms
2025-06-13 00:23:04 INFO  [main] o.a.coyote.http11.Http11NioProtocol - Starting ProtocolHandler ["http-nio-8080"]
2025-06-13 00:23:04 INFO  [main] o.s.b.w.e.tomcat.TomcatWebServer - Tomcat started on port 8080 (http) with context path '/'
2025-06-13 00:23:04 INFO  [main] com.crayon.boot.CrayonAppStarter - Started CrayonAppStarter in 2.198 seconds (process running for 2.573)
2025-06-13 00:23:27 INFO  [http-nio-8080-exec-1] o.a.c.c.C.[Tomcat].[localhost].[/] - Initializing Spring DispatcherServlet 'dispatcherServlet'
2025-06-13 00:23:27 INFO  [http-nio-8080-exec-1] o.s.web.servlet.DispatcherServlet - Initializing Servlet 'dispatcherServlet'
2025-06-13 00:23:27 INFO  [http-nio-8080-exec-1] o.s.web.servlet.DispatcherServlet - Completed initialization in 6 ms
2025-06-13 23:25:18 INFO  [main] com.crayon.boot.CrayonAppStarter - Starting CrayonAppStarter using Java 23.0.1 with PID 8020 (D:\Projects\CrayonsApp\build\classes\java\main started by 91805 in D:\Projects\CrayonsApp)
2025-06-13 23:25:18 INFO  [main] com.crayon.boot.CrayonAppStarter - No active profile set, falling back to 1 default profile: "default"
2025-06-13 23:25:20 INFO  [main] o.s.b.w.e.tomcat.TomcatWebServer - Tomcat initialized with port 8080 (http)
2025-06-13 23:25:20 INFO  [main] o.a.coyote.http11.Http11NioProtocol - Initializing ProtocolHandler ["http-nio-8080"]
2025-06-13 23:25:20 INFO  [main] o.a.catalina.core.StandardService - Starting service [Tomcat]
2025-06-13 23:25:20 INFO  [main] o.a.catalina.core.StandardEngine - Starting Servlet engine: [Apache Tomcat/10.1.24]
2025-06-13 23:25:20 INFO  [main] o.a.c.c.C.[Tomcat].[localhost].[/] - Initializing Spring embedded WebApplicationContext
2025-06-13 23:25:20 INFO  [main] o.s.b.w.s.c.ServletWebServerApplicationContext - Root WebApplicationContext: initialization completed in 1430 ms
2025-06-13 23:25:21 INFO  [main] o.a.coyote.http11.Http11NioProtocol - Starting ProtocolHandler ["http-nio-8080"]
2025-06-13 23:25:21 INFO  [main] o.s.b.w.e.tomcat.TomcatWebServer - Tomcat started on port 8080 (http) with context path '/'
2025-06-13 23:25:21 INFO  [main] com.crayon.boot.CrayonAppStarter - Started CrayonAppStarter in 3.441 seconds (process running for 4.01)
2025-06-13 23:25:26 INFO  [http-nio-8080-exec-2] o.a.c.c.C.[Tomcat].[localhost].[/] - Initializing Spring DispatcherServlet 'dispatcherServlet'
2025-06-13 23:25:26 INFO  [http-nio-8080-exec-2] o.s.web.servlet.DispatcherServlet - Initializing Servlet 'dispatcherServlet'
2025-06-13 23:25:26 INFO  [http-nio-8080-exec-2] o.s.web.servlet.DispatcherServlet - Completed initialization in 0 ms
2025-06-13 23:26:34 INFO  [main] com.crayon.boot.CrayonAppStarter - Starting CrayonAppStarter using Java 23.0.1 with PID 14396 (D:\Projects\CrayonsApp\build\classes\java\main started by 91805 in D:\Projects\CrayonsApp)
2025-06-13 23:26:34 INFO  [main] com.crayon.boot.CrayonAppStarter - No active profile set, falling back to 1 default profile: "default"
2025-06-13 23:26:35 INFO  [main] o.s.b.w.e.tomcat.TomcatWebServer - Tomcat initialized with port 8080 (http)
2025-06-13 23:26:36 INFO  [main] o.a.coyote.http11.Http11NioProtocol - Initializing ProtocolHandler ["http-nio-8080"]
2025-06-13 23:26:36 INFO  [main] o.a.catalina.core.StandardService - Starting service [Tomcat]
2025-06-13 23:26:36 INFO  [main] o.a.catalina.core.StandardEngine - Starting Servlet engine: [Apache Tomcat/10.1.24]
2025-06-13 23:26:36 INFO  [main] o.a.c.c.C.[Tomcat].[localhost].[/] - Initializing Spring embedded WebApplicationContext
2025-06-13 23:26:36 INFO  [main] o.s.b.w.s.c.ServletWebServerApplicationContext - Root WebApplicationContext: initialization completed in 2041 ms
2025-06-13 23:26:36 INFO  [main] o.a.coyote.http11.Http11NioProtocol - Starting ProtocolHandler ["http-nio-8080"]
2025-06-13 23:26:36 INFO  [main] o.s.b.w.e.tomcat.TomcatWebServer - Tomcat started on port 8080 (http) with context path '/'
2025-06-13 23:26:36 INFO  [main] com.crayon.boot.CrayonAppStarter - Started CrayonAppStarter in 3.377 seconds (process running for 3.929)
2025-06-13 23:26:43 INFO  [http-nio-8080-exec-1] o.a.c.c.C.[Tomcat].[localhost].[/] - Initializing Spring DispatcherServlet 'dispatcherServlet'
2025-06-13 23:26:43 INFO  [http-nio-8080-exec-1] o.s.web.servlet.DispatcherServlet - Initializing Servlet 'dispatcherServlet'
2025-06-13 23:26:43 INFO  [http-nio-8080-exec-1] o.s.web.servlet.DispatcherServlet - Completed initialization in 2 ms
2025-06-13 23:28:28 INFO  [main] com.crayon.boot.CrayonAppStarter - Starting CrayonAppStarter using Java 23.0.1 with PID 18468 (D:\Projects\CrayonsApp\build\classes\java\main started by 91805 in D:\Projects\CrayonsApp)
2025-06-13 23:28:28 INFO  [main] com.crayon.boot.CrayonAppStarter - No active profile set, falling back to 1 default profile: "default"
2025-06-13 23:28:29 INFO  [main] o.s.b.w.e.tomcat.TomcatWebServer - Tomcat initialized with port 8080 (http)
2025-06-13 23:28:30 INFO  [main] o.a.coyote.http11.Http11NioProtocol - Initializing ProtocolHandler ["http-nio-8080"]
2025-06-13 23:28:30 INFO  [main] o.a.catalina.core.StandardService - Starting service [Tomcat]
2025-06-13 23:28:30 INFO  [main] o.a.catalina.core.StandardEngine - Starting Servlet engine: [Apache Tomcat/10.1.24]
2025-06-13 23:28:30 INFO  [main] o.a.c.c.C.[Tomcat].[localhost].[/] - Initializing Spring embedded WebApplicationContext
2025-06-13 23:28:30 INFO  [main] o.s.b.w.s.c.ServletWebServerApplicationContext - Root WebApplicationContext: initialization completed in 1835 ms
2025-06-13 23:28:30 INFO  [main] o.a.coyote.http11.Http11NioProtocol - Starting ProtocolHandler ["http-nio-8080"]
2025-06-13 23:28:30 INFO  [main] o.s.b.w.e.tomcat.TomcatWebServer - Tomcat started on port 8080 (http) with context path '/'
2025-06-13 23:28:30 INFO  [main] com.crayon.boot.CrayonAppStarter - Started CrayonAppStarter in 3.227 seconds (process running for 3.766)
2025-06-13 23:28:34 INFO  [http-nio-8080-exec-1] o.a.c.c.C.[Tomcat].[localhost].[/] - Initializing Spring DispatcherServlet 'dispatcherServlet'
2025-06-13 23:28:34 INFO  [http-nio-8080-exec-1] o.s.web.servlet.DispatcherServlet - Initializing Servlet 'dispatcherServlet'
2025-06-13 23:28:34 INFO  [http-nio-8080-exec-1] o.s.web.servlet.DispatcherServlet - Completed initialization in 1 ms
2025-06-13 23:29:37 ERROR [http-nio-8080-exec-1] c.crayon.controller.CrayonController - Something went wrong while fetching token
2025-06-13 23:32:38 INFO  [main] com.crayon.boot.CrayonAppStarter - Starting CrayonAppStarter using Java 23.0.1 with PID 5472 (D:\Projects\CrayonsApp\build\classes\java\main started by 91805 in D:\Projects\CrayonsApp)
2025-06-13 23:32:38 INFO  [main] com.crayon.boot.CrayonAppStarter - No active profile set, falling back to 1 default profile: "default"
2025-06-13 23:32:39 INFO  [main] o.s.b.w.e.tomcat.TomcatWebServer - Tomcat initialized with port 8080 (http)
2025-06-13 23:32:39 INFO  [main] o.a.coyote.http11.Http11NioProtocol - Initializing ProtocolHandler ["http-nio-8080"]
2025-06-13 23:32:39 INFO  [main] o.a.catalina.core.StandardService - Starting service [Tomcat]
2025-06-13 23:32:39 INFO  [main] o.a.catalina.core.StandardEngine - Starting Servlet engine: [Apache Tomcat/10.1.24]
2025-06-13 23:32:39 INFO  [main] o.a.c.c.C.[Tomcat].[localhost].[/] - Initializing Spring embedded WebApplicationContext
2025-06-13 23:32:39 INFO  [main] o.s.b.w.s.c.ServletWebServerApplicationContext - Root WebApplicationContext: initialization completed in 1593 ms
2025-06-13 23:32:40 INFO  [main] o.a.coyote.http11.Http11NioProtocol - Starting ProtocolHandler ["http-nio-8080"]
2025-06-13 23:32:40 INFO  [main] o.s.b.w.e.tomcat.TomcatWebServer - Tomcat started on port 8080 (http) with context path '/'
2025-06-13 23:32:40 INFO  [main] com.crayon.boot.CrayonAppStarter - Started CrayonAppStarter in 3.132 seconds (process running for 3.759)
2025-06-13 23:32:43 INFO  [http-nio-8080-exec-1] o.a.c.c.C.[Tomcat].[localhost].[/] - Initializing Spring DispatcherServlet 'dispatcherServlet'
2025-06-13 23:32:43 INFO  [http-nio-8080-exec-1] o.s.web.servlet.DispatcherServlet - Initializing Servlet 'dispatcherServlet'
2025-06-13 23:32:43 INFO  [http-nio-8080-exec-1] o.s.web.servlet.DispatcherServlet - Completed initialization in 2 ms
2025-06-13 23:34:29 INFO  [main] com.crayon.boot.CrayonAppStarter - Starting CrayonAppStarter using Java 23.0.1 with PID 1596 (D:\Projects\CrayonsApp\build\classes\java\main started by 91805 in D:\Projects\CrayonsApp)
2025-06-13 23:34:29 INFO  [main] com.crayon.boot.CrayonAppStarter - No active profile set, falling back to 1 default profile: "default"
2025-06-13 23:34:31 INFO  [main] o.s.b.w.e.tomcat.TomcatWebServer - Tomcat initialized with port 8080 (http)
2025-06-13 23:34:31 INFO  [main] o.a.coyote.http11.Http11NioProtocol - Initializing ProtocolHandler ["http-nio-8080"]
2025-06-13 23:34:31 INFO  [main] o.a.catalina.core.StandardService - Starting service [Tomcat]
2025-06-13 23:34:31 INFO  [main] o.a.catalina.core.StandardEngine - Starting Servlet engine: [Apache Tomcat/10.1.24]
2025-06-13 23:34:31 INFO  [main] o.a.c.c.C.[Tomcat].[localhost].[/] - Initializing Spring embedded WebApplicationContext
2025-06-13 23:34:31 INFO  [main] o.s.b.w.s.c.ServletWebServerApplicationContext - Root WebApplicationContext: initialization completed in 1339 ms
2025-06-13 23:34:31 INFO  [main] o.a.coyote.http11.Http11NioProtocol - Starting ProtocolHandler ["http-nio-8080"]
2025-06-13 23:34:31 INFO  [main] o.s.b.w.e.tomcat.TomcatWebServer - Tomcat started on port 8080 (http) with context path '/'
2025-06-13 23:34:31 INFO  [main] com.crayon.boot.CrayonAppStarter - Started CrayonAppStarter in 2.586 seconds (process running for 3.038)
2025-06-13 23:34:38 INFO  [http-nio-8080-exec-1] o.a.c.c.C.[Tomcat].[localhost].[/] - Initializing Spring DispatcherServlet 'dispatcherServlet'
2025-06-13 23:34:38 INFO  [http-nio-8080-exec-1] o.s.web.servlet.DispatcherServlet - Initializing Servlet 'dispatcherServlet'
2025-06-13 23:34:38 INFO  [http-nio-8080-exec-1] o.s.web.servlet.DispatcherServlet - Completed initialization in 0 ms
2025-06-13 23:34:40 ERROR [http-nio-8080-exec-1] c.crayon.controller.CrayonController - Something went wrong while fetching token400 Bad Request: "{<EOL><EOL>  "ErrorCode": "400 BadRequest",<EOL><EOL>  "Message": "Unable to get token.",<EOL><EOL>  "Parameters": {},<EOL><EOL>  "ObjectErrors": []<EOL><EOL>}"
2025-06-13 23:35:03 INFO  [main] com.crayon.boot.CrayonAppStarter - Starting CrayonAppStarter using Java 23.0.1 with PID 18080 (D:\Projects\CrayonsApp\build\classes\java\main started by 91805 in D:\Projects\CrayonsApp)
2025-06-13 23:35:03 INFO  [main] com.crayon.boot.CrayonAppStarter - No active profile set, falling back to 1 default profile: "default"
2025-06-13 23:35:04 INFO  [main] o.s.b.w.e.tomcat.TomcatWebServer - Tomcat initialized with port 8080 (http)
2025-06-13 23:35:04 INFO  [main] o.a.coyote.http11.Http11NioProtocol - Initializing ProtocolHandler ["http-nio-8080"]
2025-06-13 23:35:04 INFO  [main] o.a.catalina.core.StandardService - Starting service [Tomcat]
2025-06-13 23:35:04 INFO  [main] o.a.catalina.core.StandardEngine - Starting Servlet engine: [Apache Tomcat/10.1.24]
2025-06-13 23:35:04 INFO  [main] o.a.c.c.C.[Tomcat].[localhost].[/] - Initializing Spring embedded WebApplicationContext
2025-06-13 23:35:04 INFO  [main] o.s.b.w.s.c.ServletWebServerApplicationContext - Root WebApplicationContext: initialization completed in 1410 ms
2025-06-13 23:35:05 INFO  [main] o.a.coyote.http11.Http11NioProtocol - Starting ProtocolHandler ["http-nio-8080"]
2025-06-13 23:35:05 INFO  [main] o.s.b.w.e.tomcat.TomcatWebServer - Tomcat started on port 8080 (http) with context path '/'
2025-06-13 23:35:05 INFO  [main] com.crayon.boot.CrayonAppStarter - Started CrayonAppStarter in 2.694 seconds (process running for 3.147)
2025-06-13 23:35:07 INFO  [http-nio-8080-exec-1] o.a.c.c.C.[Tomcat].[localhost].[/] - Initializing Spring DispatcherServlet 'dispatcherServlet'
2025-06-13 23:35:07 INFO  [http-nio-8080-exec-1] o.s.web.servlet.DispatcherServlet - Initializing Servlet 'dispatcherServlet'
2025-06-13 23:35:07 INFO  [http-nio-8080-exec-1] o.s.web.servlet.DispatcherServlet - Completed initialization in 1 ms
2025-06-13 23:35:08 ERROR [http-nio-8080-exec-1] c.crayon.controller.CrayonController - Something went wrong while fetching token400 Bad Request: "{<EOL><EOL>  "ErrorCode": "400 BadRequest",<EOL><EOL>  "Message": "Unable to get token.",<EOL><EOL>  "Parameters": {},<EOL><EOL>  "ObjectErrors": []<EOL><EOL>}"
2025-06-13 23:35:50 INFO  [main] com.crayon.boot.CrayonAppStarter - Starting CrayonAppStarter using Java 23.0.1 with PID 17888 (D:\Projects\CrayonsApp\build\classes\java\main started by 91805 in D:\Projects\CrayonsApp)
2025-06-13 23:35:50 INFO  [main] com.crayon.boot.CrayonAppStarter - No active profile set, falling back to 1 default profile: "default"
2025-06-13 23:35:52 INFO  [main] o.s.b.w.e.tomcat.TomcatWebServer - Tomcat initialized with port 8080 (http)
2025-06-13 23:35:52 INFO  [main] o.a.coyote.http11.Http11NioProtocol - Initializing ProtocolHandler ["http-nio-8080"]
2025-06-13 23:35:52 INFO  [main] o.a.catalina.core.StandardService - Starting service [Tomcat]
2025-06-13 23:35:52 INFO  [main] o.a.catalina.core.StandardEngine - Starting Servlet engine: [Apache Tomcat/10.1.24]
2025-06-13 23:35:52 INFO  [main] o.a.c.c.C.[Tomcat].[localhost].[/] - Initializing Spring embedded WebApplicationContext
2025-06-13 23:35:52 INFO  [main] o.s.b.w.s.c.ServletWebServerApplicationContext - Root WebApplicationContext: initialization completed in 1311 ms
2025-06-13 23:35:52 INFO  [main] o.a.coyote.http11.Http11NioProtocol - Starting ProtocolHandler ["http-nio-8080"]
2025-06-13 23:35:52 INFO  [main] o.s.b.w.e.tomcat.TomcatWebServer - Tomcat started on port 8080 (http) with context path '/'
2025-06-13 23:35:52 INFO  [main] com.crayon.boot.CrayonAppStarter - Started CrayonAppStarter in 2.558 seconds (process running for 3.007)
2025-06-13 23:35:55 INFO  [http-nio-8080-exec-2] o.a.c.c.C.[Tomcat].[localhost].[/] - Initializing Spring DispatcherServlet 'dispatcherServlet'
2025-06-13 23:35:55 INFO  [http-nio-8080-exec-2] o.s.web.servlet.DispatcherServlet - Initializing Servlet 'dispatcherServlet'
2025-06-13 23:35:55 INFO  [http-nio-8080-exec-2] o.s.web.servlet.DispatcherServlet - Completed initialization in 1 ms
2025-06-13 23:35:57 ERROR [http-nio-8080-exec-2] c.crayon.controller.CrayonController - Something went wrong while fetching token400 Bad Request: "{<EOL><EOL>  "ErrorCode": "400 BadRequest",<EOL><EOL>  "Message": "Incorrect Content-Type: text/plain;charset=UTF-8. Correct Content-Type: application/x-www-form-urlencoded",<EOL><EOL>  "Parameters": {},<EOL><EOL>  "ObjectErrors": []<EOL><EOL>}"
2025-06-13 23:38:46 INFO  [main] com.crayon.boot.CrayonAppStarter - Starting CrayonAppStarter using Java 23.0.1 with PID 5776 (D:\Projects\CrayonsApp\build\classes\java\main started by 91805 in D:\Projects\CrayonsApp)
2025-06-13 23:38:46 INFO  [main] com.crayon.boot.CrayonAppStarter - No active profile set, falling back to 1 default profile: "default"
2025-06-13 23:38:47 INFO  [main] o.s.b.w.e.tomcat.TomcatWebServer - Tomcat initialized with port 8080 (http)
2025-06-13 23:38:48 INFO  [main] o.a.coyote.http11.Http11NioProtocol - Initializing ProtocolHandler ["http-nio-8080"]
2025-06-13 23:38:48 INFO  [main] o.a.catalina.core.StandardService - Starting service [Tomcat]
2025-06-13 23:38:48 INFO  [main] o.a.catalina.core.StandardEngine - Starting Servlet engine: [Apache Tomcat/10.1.24]
2025-06-13 23:38:48 INFO  [main] o.a.c.c.C.[Tomcat].[localhost].[/] - Initializing Spring embedded WebApplicationContext
2025-06-13 23:38:48 INFO  [main] o.s.b.w.s.c.ServletWebServerApplicationContext - Root WebApplicationContext: initialization completed in 1391 ms
2025-06-13 23:38:48 INFO  [main] o.a.coyote.http11.Http11NioProtocol - Starting ProtocolHandler ["http-nio-8080"]
2025-06-13 23:38:48 INFO  [main] o.s.b.w.e.tomcat.TomcatWebServer - Tomcat started on port 8080 (http) with context path '/'
2025-06-13 23:38:48 INFO  [main] com.crayon.boot.CrayonAppStarter - Started CrayonAppStarter in 2.643 seconds (process running for 3.215)
2025-06-13 23:39:00 INFO  [http-nio-8080-exec-3] o.a.c.c.C.[Tomcat].[localhost].[/] - Initializing Spring DispatcherServlet 'dispatcherServlet'
2025-06-13 23:39:00 INFO  [http-nio-8080-exec-3] o.s.web.servlet.DispatcherServlet - Initializing Servlet 'dispatcherServlet'
2025-06-13 23:39:00 INFO  [http-nio-8080-exec-3] o.s.web.servlet.DispatcherServlet - Completed initialization in 1 ms
2025-06-13 23:40:47 INFO  [main] com.crayon.boot.CrayonAppStarter - Starting CrayonAppStarter using Java 23.0.1 with PID 15728 (D:\Projects\CrayonsApp\build\classes\java\main started by 91805 in D:\Projects\CrayonsApp)
2025-06-13 23:40:47 INFO  [main] com.crayon.boot.CrayonAppStarter - No active profile set, falling back to 1 default profile: "default"
2025-06-13 23:40:49 INFO  [main] o.s.b.w.e.tomcat.TomcatWebServer - Tomcat initialized with port 8080 (http)
2025-06-13 23:40:49 INFO  [main] o.a.coyote.http11.Http11NioProtocol - Initializing ProtocolHandler ["http-nio-8080"]
2025-06-13 23:40:49 INFO  [main] o.a.catalina.core.StandardService - Starting service [Tomcat]
2025-06-13 23:40:49 INFO  [main] o.a.catalina.core.StandardEngine - Starting Servlet engine: [Apache Tomcat/10.1.24]
2025-06-13 23:40:49 INFO  [main] o.a.c.c.C.[Tomcat].[localhost].[/] - Initializing Spring embedded WebApplicationContext
2025-06-13 23:40:49 INFO  [main] o.s.b.w.s.c.ServletWebServerApplicationContext - Root WebApplicationContext: initialization completed in 1312 ms
2025-06-13 23:40:49 INFO  [main] o.a.coyote.http11.Http11NioProtocol - Starting ProtocolHandler ["http-nio-8080"]
2025-06-13 23:40:49 INFO  [main] o.s.b.w.e.tomcat.TomcatWebServer - Tomcat started on port 8080 (http) with context path '/'
2025-06-13 23:40:49 INFO  [main] com.crayon.boot.CrayonAppStarter - Started CrayonAppStarter in 2.597 seconds (process running for 3.079)
2025-06-13 23:40:55 INFO  [http-nio-8080-exec-1] o.a.c.c.C.[Tomcat].[localhost].[/] - Initializing Spring DispatcherServlet 'dispatcherServlet'
2025-06-13 23:40:55 INFO  [http-nio-8080-exec-1] o.s.web.servlet.DispatcherServlet - Initializing Servlet 'dispatcherServlet'
2025-06-13 23:40:55 INFO  [http-nio-8080-exec-1] o.s.web.servlet.DispatcherServlet - Completed initialization in 1 ms
2025-06-13 23:43:31 INFO  [main] com.crayon.boot.CrayonAppStarter - Starting CrayonAppStarter using Java 23.0.1 with PID 8 (D:\Projects\CrayonsApp\build\classes\java\main started by 91805 in D:\Projects\CrayonsApp)
2025-06-13 23:43:31 INFO  [main] com.crayon.boot.CrayonAppStarter - No active profile set, falling back to 1 default profile: "default"
2025-06-13 23:43:32 INFO  [main] o.s.b.w.e.tomcat.TomcatWebServer - Tomcat initialized with port 8080 (http)
2025-06-13 23:43:32 INFO  [main] o.a.coyote.http11.Http11NioProtocol - Initializing ProtocolHandler ["http-nio-8080"]
2025-06-13 23:43:32 INFO  [main] o.a.catalina.core.StandardService - Starting service [Tomcat]
2025-06-13 23:43:32 INFO  [main] o.a.catalina.core.StandardEngine - Starting Servlet engine: [Apache Tomcat/10.1.24]
2025-06-13 23:43:32 INFO  [main] o.a.c.c.C.[Tomcat].[localhost].[/] - Initializing Spring embedded WebApplicationContext
2025-06-13 23:43:32 INFO  [main] o.s.b.w.s.c.ServletWebServerApplicationContext - Root WebApplicationContext: initialization completed in 1223 ms
2025-06-13 23:43:32 INFO  [main] o.a.coyote.http11.Http11NioProtocol - Starting ProtocolHandler ["http-nio-8080"]
2025-06-13 23:43:32 INFO  [main] o.s.b.w.e.tomcat.TomcatWebServer - Tomcat started on port 8080 (http) with context path '/'
2025-06-13 23:43:32 INFO  [main] com.crayon.boot.CrayonAppStarter - Started CrayonAppStarter in 2.366 seconds (process running for 2.757)
2025-06-13 23:43:45 INFO  [http-nio-8080-exec-1] o.a.c.c.C.[Tomcat].[localhost].[/] - Initializing Spring DispatcherServlet 'dispatcherServlet'
2025-06-13 23:43:45 INFO  [http-nio-8080-exec-1] o.s.web.servlet.DispatcherServlet - Initializing Servlet 'dispatcherServlet'
2025-06-13 23:43:45 INFO  [http-nio-8080-exec-1] o.s.web.servlet.DispatcherServlet - Completed initialization in 1 ms
2025-06-13 23:48:49 INFO  [main] com.crayon.boot.CrayonAppStarter - Starting CrayonAppStarter using Java 23.0.1 with PID 3808 (D:\Projects\CrayonsApp\build\classes\java\main started by 91805 in D:\Projects\CrayonsApp)
2025-06-13 23:48:49 INFO  [main] com.crayon.boot.CrayonAppStarter - No active profile set, falling back to 1 default profile: "default"
2025-06-13 23:48:50 INFO  [main] o.s.b.w.e.tomcat.TomcatWebServer - Tomcat initialized with port 8080 (http)
2025-06-13 23:48:51 INFO  [main] o.a.coyote.http11.Http11NioProtocol - Initializing ProtocolHandler ["http-nio-8080"]
2025-06-13 23:48:51 INFO  [main] o.a.catalina.core.StandardService - Starting service [Tomcat]
2025-06-13 23:48:51 INFO  [main] o.a.catalina.core.StandardEngine - Starting Servlet engine: [Apache Tomcat/10.1.24]
2025-06-13 23:48:51 INFO  [main] o.a.c.c.C.[Tomcat].[localhost].[/] - Initializing Spring embedded WebApplicationContext
2025-06-13 23:48:51 INFO  [main] o.s.b.w.s.c.ServletWebServerApplicationContext - Root WebApplicationContext: initialization completed in 1665 ms
2025-06-13 23:48:51 INFO  [main] o.a.coyote.http11.Http11NioProtocol - Starting ProtocolHandler ["http-nio-8080"]
2025-06-13 23:48:51 INFO  [main] o.s.b.w.e.tomcat.TomcatWebServer - Tomcat started on port 8080 (http) with context path '/'
2025-06-13 23:48:51 INFO  [main] com.crayon.boot.CrayonAppStarter - Started CrayonAppStarter in 2.657 seconds (process running for 3.076)
2025-06-13 23:48:57 INFO  [http-nio-8080-exec-1] o.a.c.c.C.[Tomcat].[localhost].[/] - Initializing Spring DispatcherServlet 'dispatcherServlet'
2025-06-13 23:48:57 INFO  [http-nio-8080-exec-1] o.s.web.servlet.DispatcherServlet - Initializing Servlet 'dispatcherServlet'
2025-06-13 23:48:57 INFO  [http-nio-8080-exec-1] o.s.web.servlet.DispatcherServlet - Completed initialization in 1 ms
